/projappl/project_2010942/ecg-arrhythmia-model/main.py:240: FutureWarning: You are using `torch.load` with `weights_only=False` (the current default value), which uses the default pickle module implicitly. It is possible to construct malicious pickle data which will execute arbitrary code during unpickling (See https://github.com/pytorch/pytorch/blob/main/SECURITY.md#untrusted-models for more details). In a future release, the default value for `weights_only` will be flipped to `True`. This limits the functions that could be executed during unpickling. Arbitrary objects will no longer be allowed to be loaded via this mode unless they are explicitly allowlisted by the user via `torch.serialization.add_safe_globals`. We recommend you start setting `weights_only=True` for any use case where you don't have full control of the loaded file. Please open an issue on GitHub for any issues related to this experimental feature.
  net.load_state_dict(torch.load(args.model_path, map_location=device))
Train folds: [ 9  2  6  1  8  3 10  5]
Validation folds: [4 7]
Validating...
Model in-used:  models/resnet34_train_dataset_all_42_8_classes.pth

  0%|          | 0/578 [00:00<?, ?it/s]
  0%|          | 1/578 [00:09<1:30:56,  9.46s/it]
  0%|          | 2/578 [00:09<40:11,  4.19s/it]  
  1%|          | 3/578 [00:10<22:59,  2.40s/it]
  1%|          | 4/578 [00:10<15:27,  1.62s/it]
  1%|          | 5/578 [00:10<10:46,  1.13s/it]
  1%|          | 6/578 [00:11<07:59,  1.19it/s]
  1%|          | 7/578 [00:11<06:13,  1.53it/s]
  1%|▏         | 8/578 [00:11<05:01,  1.89it/s]
  2%|▏         | 9/578 [00:12<04:49,  1.97it/s]
  2%|▏         | 10/578 [00:12<04:19,  2.19it/s]
  2%|▏         | 11/578 [00:12<04:04,  2.31it/s]
  2%|▏         | 12/578 [00:13<04:32,  2.08it/s]
  2%|▏         | 13/578 [00:13<03:56,  2.39it/s]
  2%|▏         | 14/578 [00:14<04:12,  2.23it/s]
  3%|▎         | 15/578 [00:14<03:42,  2.54it/s]
  3%|▎         | 16/578 [00:15<03:52,  2.41it/s]
  3%|▎         | 17/578 [00:15<03:32,  2.64it/s]
  3%|▎         | 18/578 [00:15<03:43,  2.50it/s]
  3%|▎         | 19/578 [00:16<03:31,  2.64it/s]
  3%|▎         | 20/578 [00:16<03:33,  2.61it/s]
  4%|▎         | 21/578 [00:16<03:31,  2.63it/s]
  4%|▍         | 22/578 [00:17<03:34,  2.59it/s]
  4%|▍         | 23/578 [00:17<03:55,  2.35it/s]
  4%|▍         | 24/578 [00:18<03:29,  2.65it/s]
  4%|▍         | 25/578 [00:18<04:19,  2.13it/s]
  4%|▍         | 26/578 [00:18<03:43,  2.47it/s]
  5%|▍         | 27/578 [00:19<03:55,  2.34it/s]
  5%|▍         | 28/578 [00:19<03:26,  2.66it/s]
  5%|▌         | 29/578 [00:20<03:42,  2.46it/s]
  5%|▌         | 30/578 [00:20<03:21,  2.72it/s]
  5%|▌         | 31/578 [00:21<03:56,  2.31it/s]
  6%|▌         | 32/578 [00:21<03:29,  2.61it/s]
  6%|▌         | 33/578 [00:22<04:29,  2.03it/s]
  6%|▌         | 34/578 [00:22<03:51,  2.35it/s]
  6%|▌         | 35/578 [00:22<04:09,  2.18it/s]
  6%|▌         | 36/578 [00:23<03:37,  2.49it/s]
  6%|▋         | 37/578 [00:23<03:50,  2.34it/s]
  7%|▋         | 38/578 [00:23<03:24,  2.64it/s]
  7%|▋         | 39/578 [00:24<03:38,  2.46it/s]
  7%|▋         | 40/578 [00:24<03:14,  2.77it/s]
  7%|▋         | 41/578 [00:25<03:54,  2.29it/s]
  7%|▋         | 42/578 [00:25<03:25,  2.61it/s]
  7%|▋         | 43/578 [00:26<04:07,  2.16it/s]
  8%|▊         | 44/578 [00:26<03:33,  2.50it/s]
  8%|▊         | 45/578 [00:26<04:03,  2.19it/s]
  8%|▊         | 46/578 [00:27<03:32,  2.50it/s]
  8%|▊         | 47/578 [00:27<03:55,  2.25it/s]
  8%|▊         | 48/578 [00:28<03:26,  2.56it/s]
  8%|▊         | 49/578 [00:28<04:09,  2.12it/s]
  9%|▊         | 50/578 [00:28<03:34,  2.46it/s]
  9%|▉         | 51/578 [00:29<04:21,  2.01it/s]
  9%|▉         | 52/578 [00:29<03:44,  2.35it/s]
  9%|▉         | 53/578 [00:30<04:05,  2.13it/s]
  9%|▉         | 54/578 [00:30<04:01,  2.17it/s]
 10%|▉         | 55/578 [00:31<04:21,  2.00it/s]
 10%|▉         | 56/578 [00:32<04:53,  1.78it/s]
 10%|▉         | 57/578 [00:32<04:05,  2.12it/s]
 10%|█         | 58/578 [00:33<04:28,  1.94it/s]
 10%|█         | 59/578 [00:33<03:48,  2.27it/s]
 10%|█         | 60/578 [00:33<04:12,  2.05it/s]
 11%|█         | 61/578 [00:34<03:37,  2.38it/s]
 11%|█         | 62/578 [00:34<04:05,  2.11it/s]
 11%|█         | 63/578 [00:35<03:32,  2.42it/s]
 11%|█         | 64/578 [00:35<03:43,  2.30it/s]
 11%|█         | 65/578 [00:35<03:16,  2.61it/s]
 11%|█▏        | 66/578 [00:36<03:44,  2.28it/s]
 12%|█▏        | 67/578 [00:36<03:16,  2.59it/s]
 12%|█▏        | 68/578 [00:37<03:25,  2.48it/s]
 12%|█▏        | 69/578 [00:37<03:03,  2.78it/s]
 12%|█▏        | 70/578 [00:37<03:29,  2.43it/s]
 12%|█▏        | 71/578 [00:38<03:05,  2.73it/s]
 12%|█▏        | 72/578 [00:38<03:24,  2.48it/s]
 13%|█▎        | 73/578 [00:38<03:01,  2.78it/s]
 13%|█▎        | 74/578 [00:39<03:30,  2.39it/s]
 13%|█▎        | 75/578 [00:39<03:06,  2.69it/s]
 13%|█▎        | 76/578 [00:40<03:16,  2.55it/s]
 13%|█▎        | 77/578 [00:40<02:56,  2.84it/s]
 13%|█▎        | 78/578 [00:40<03:22,  2.47it/s]
 14%|█▎        | 79/578 [00:41<03:08,  2.65it/s]
 14%|█▍        | 80/578 [00:41<03:29,  2.38it/s]
 14%|█▍        | 81/578 [00:42<03:05,  2.68it/s]
 14%|█▍        | 82/578 [00:42<03:40,  2.24it/s]
 14%|█▍        | 83/578 [00:42<03:13,  2.56it/s]
 15%|█▍        | 84/578 [00:43<03:44,  2.20it/s]
 15%|█▍        | 85/578 [00:43<03:16,  2.51it/s]
 15%|█▍        | 86/578 [00:44<03:32,  2.31it/s]
 15%|█▌        | 87/578 [00:44<03:06,  2.63it/s]
 15%|█▌        | 88/578 [00:45<03:23,  2.41it/s]
 15%|█▌        | 89/578 [00:45<02:58,  2.74it/s]
 16%|█▌        | 90/578 [00:45<03:26,  2.36it/s]
 16%|█▌        | 91/578 [00:46<03:03,  2.66it/s]
 16%|█▌        | 92/578 [00:46<03:29,  2.32it/s]
 16%|█▌        | 93/578 [00:46<03:04,  2.63it/s]
 16%|█▋        | 94/578 [00:47<03:22,  2.39it/s]
 16%|█▋        | 95/578 [00:47<03:06,  2.59it/s]
 17%|█▋        | 96/578 [00:48<04:07,  1.94it/s]
 17%|█▋        | 97/578 [00:48<03:32,  2.27it/s]
 17%|█▋        | 98/578 [00:49<03:48,  2.10it/s]
 17%|█▋        | 99/578 [00:49<03:21,  2.38it/s]
 17%|█▋        | 100/578 [00:50<03:20,  2.38it/s]
 17%|█▋        | 101/578 [00:50<02:57,  2.68it/s]
 18%|█▊        | 102/578 [00:50<03:13,  2.46it/s]
 18%|█▊        | 103/578 [00:51<03:08,  2.52it/s]
 18%|█▊        | 104/578 [00:51<03:46,  2.09it/s]
 18%|█▊        | 105/578 [00:52<03:15,  2.42it/s]
 18%|█▊        | 106/578 [00:52<03:51,  2.04it/s]
 19%|█▊        | 107/578 [00:53<03:19,  2.36it/s]
 19%|█▊        | 108/578 [00:54<05:43,  1.37it/s]
 19%|█▉        | 109/578 [00:54<04:36,  1.70it/s]
 19%|█▉        | 110/578 [00:55<04:31,  1.72it/s]
 19%|█▉        | 111/578 [00:55<03:47,  2.05it/s]
 19%|█▉        | 112/578 [00:56<03:39,  2.12it/s]
 20%|█▉        | 113/578 [00:56<03:12,  2.41it/s]
 20%|█▉        | 114/578 [00:56<03:17,  2.34it/s]
 20%|█▉        | 115/578 [00:57<02:56,  2.62it/s]
 20%|██        | 116/578 [00:57<03:13,  2.39it/s]
 20%|██        | 117/578 [00:57<02:51,  2.69it/s]
 20%|██        | 118/578 [00:58<02:55,  2.61it/s]
 21%|██        | 119/578 [00:58<02:40,  2.85it/s]
 21%|██        | 120/578 [00:59<03:17,  2.32it/s]
 21%|██        | 121/578 [00:59<02:54,  2.62it/s]
 21%|██        | 122/578 [01:00<03:54,  1.95it/s]
 21%|██▏       | 123/578 [01:00<03:18,  2.29it/s]
 21%|██▏       | 124/578 [01:00<03:16,  2.31it/s]
 22%|██▏       | 125/578 [01:01<02:52,  2.63it/s]
 22%|██▏       | 126/578 [01:01<03:28,  2.17it/s]
 22%|██▏       | 127/578 [01:02<03:02,  2.47it/s]
 22%|██▏       | 128/578 [01:02<03:01,  2.47it/s]
 22%|██▏       | 129/578 [01:02<02:42,  2.76it/s]
 22%|██▏       | 130/578 [01:03<02:59,  2.49it/s]
 23%|██▎       | 131/578 [01:03<02:39,  2.79it/s]
 23%|██▎       | 132/578 [01:04<03:22,  2.20it/s]
 23%|██▎       | 133/578 [01:04<02:56,  2.52it/s]
 23%|██▎       | 134/578 [01:05<03:33,  2.08it/s]
 23%|██▎       | 135/578 [01:05<03:05,  2.39it/s]
 24%|██▎       | 136/578 [01:05<03:02,  2.43it/s]
 24%|██▎       | 137/578 [01:06<02:42,  2.71it/s]
 24%|██▍       | 138/578 [01:06<03:09,  2.32it/s]
 24%|██▍       | 139/578 [01:06<02:47,  2.63it/s]
 24%|██▍       | 140/578 [01:07<02:56,  2.48it/s]
 24%|██▍       | 141/578 [01:07<02:39,  2.74it/s]
 25%|██▍       | 142/578 [01:08<03:04,  2.36it/s]
 25%|██▍       | 143/578 [01:08<02:44,  2.64it/s]
 25%|██▍       | 144/578 [01:09<03:00,  2.41it/s]
 25%|██▌       | 145/578 [01:09<02:42,  2.67it/s]
 25%|██▌       | 146/578 [01:09<02:45,  2.61it/s]
 25%|██▌       | 147/578 [01:09<02:29,  2.89it/s]
 26%|██▌       | 148/578 [01:10<02:49,  2.53it/s]
 26%|██▌       | 149/578 [01:10<02:31,  2.83it/s]
 26%|██▌       | 150/578 [01:11<03:05,  2.31it/s]
 26%|██▌       | 151/578 [01:11<02:44,  2.60it/s]
 26%|██▋       | 152/578 [01:12<03:01,  2.35it/s]
 26%|██▋       | 153/578 [01:12<02:40,  2.65it/s]
 27%|██▋       | 154/578 [01:12<03:00,  2.35it/s]
 27%|██▋       | 155/578 [01:13<02:40,  2.64it/s]
 27%|██▋       | 156/578 [01:13<02:51,  2.46it/s]
 27%|██▋       | 157/578 [01:13<02:32,  2.76it/s]
 27%|██▋       | 158/578 [01:14<02:53,  2.42it/s]
 28%|██▊       | 159/578 [01:14<02:34,  2.71it/s]
 28%|██▊       | 160/578 [01:15<02:40,  2.60it/s]
 28%|██▊       | 161/578 [01:15<02:25,  2.87it/s]
 28%|██▊       | 162/578 [01:15<02:47,  2.49it/s]
 28%|██▊       | 163/578 [01:16<02:29,  2.78it/s]
 28%|██▊       | 164/578 [01:16<02:44,  2.52it/s]
 29%|██▊       | 165/578 [01:16<02:27,  2.79it/s]
 29%|██▊       | 166/578 [01:17<02:38,  2.60it/s]
 29%|██▉       | 167/578 [01:17<02:27,  2.78it/s]
 29%|██▉       | 168/578 [01:18<02:37,  2.60it/s]
 29%|██▉       | 169/578 [01:18<02:22,  2.86it/s]
 29%|██▉       | 170/578 [01:18<02:29,  2.73it/s]
 30%|██▉       | 171/578 [01:19<02:18,  2.93it/s]
 30%|██▉       | 172/578 [01:19<02:27,  2.75it/s]
 30%|██▉       | 173/578 [01:19<02:26,  2.76it/s]
 30%|███       | 174/578 [01:20<02:50,  2.37it/s]
 30%|███       | 175/578 [01:20<02:30,  2.68it/s]
 30%|███       | 176/578 [01:21<02:47,  2.41it/s]
 31%|███       | 177/578 [01:21<02:27,  2.71it/s]
 31%|███       | 178/578 [01:22<02:58,  2.24it/s]
 31%|███       | 179/578 [01:22<02:35,  2.56it/s]
 31%|███       | 180/578 [01:22<02:48,  2.36it/s]
 31%|███▏      | 181/578 [01:23<02:29,  2.66it/s]
 31%|███▏      | 182/578 [01:23<02:41,  2.45it/s]
 32%|███▏      | 183/578 [01:23<02:24,  2.74it/s]
 32%|███▏      | 184/578 [01:24<02:33,  2.57it/s]
 32%|███▏      | 185/578 [01:24<02:17,  2.86it/s]
 32%|███▏      | 186/578 [01:25<02:49,  2.32it/s]
 32%|███▏      | 187/578 [01:25<02:28,  2.63it/s]
 33%|███▎      | 188/578 [01:26<02:57,  2.20it/s]
 33%|███▎      | 189/578 [01:26<02:33,  2.53it/s]
 33%|███▎      | 190/578 [01:27<03:31,  1.84it/s]
 33%|███▎      | 191/578 [01:27<02:57,  2.18it/s]
 33%|███▎      | 192/578 [01:28<03:07,  2.06it/s]
 33%|███▎      | 193/578 [01:28<02:40,  2.40it/s]
 34%|███▎      | 194/578 [01:28<02:51,  2.24it/s]
 34%|███▎      | 195/578 [01:29<02:30,  2.54it/s]
 34%|███▍      | 196/578 [01:29<02:37,  2.43it/s]
 34%|███▍      | 197/578 [01:29<02:19,  2.73it/s]
 34%|███▍      | 198/578 [01:30<02:39,  2.38it/s]
 34%|███▍      | 199/578 [01:30<02:20,  2.69it/s]
 35%|███▍      | 200/578 [01:31<02:29,  2.53it/s]
 35%|███▍      | 201/578 [01:31<02:12,  2.84it/s]
 35%|███▍      | 202/578 [01:32<02:59,  2.10it/s]
 35%|███▌      | 203/578 [01:32<02:36,  2.40it/s]
 35%|███▌      | 204/578 [01:32<02:45,  2.25it/s]
 35%|███▌      | 205/578 [01:33<02:26,  2.54it/s]
 36%|███▌      | 206/578 [01:33<02:43,  2.28it/s]
 36%|███▌      | 207/578 [01:33<02:24,  2.57it/s]
 36%|███▌      | 208/578 [01:34<02:28,  2.50it/s]
 36%|███▌      | 209/578 [01:34<02:11,  2.80it/s]
 36%|███▋      | 210/578 [01:35<02:35,  2.37it/s]
 37%|███▋      | 211/578 [01:35<02:17,  2.68it/s]
 37%|███▋      | 212/578 [01:36<02:41,  2.27it/s]
 37%|███▋      | 213/578 [01:36<02:21,  2.58it/s]
 37%|███▋      | 214/578 [01:37<03:06,  1.95it/s]
 37%|███▋      | 215/578 [01:37<02:39,  2.27it/s]
 37%|███▋      | 216/578 [01:37<02:44,  2.20it/s]
 38%|███▊      | 217/578 [01:38<02:24,  2.49it/s]
 38%|███▊      | 218/578 [01:38<02:56,  2.04it/s]
 38%|███▊      | 219/578 [01:39<02:31,  2.37it/s]
 38%|███▊      | 220/578 [01:39<02:38,  2.26it/s]
 38%|███▊      | 221/578 [01:39<02:20,  2.53it/s]
 38%|███▊      | 222/578 [01:40<02:36,  2.28it/s]
 39%|███▊      | 223/578 [01:40<02:17,  2.58it/s]
 39%|███▉      | 224/578 [01:41<02:32,  2.32it/s]
 39%|███▉      | 225/578 [01:41<02:15,  2.61it/s]
 39%|███▉      | 226/578 [01:41<02:20,  2.51it/s]
 39%|███▉      | 227/578 [01:42<02:05,  2.79it/s]
 39%|███▉      | 228/578 [01:42<02:15,  2.59it/s]
 40%|███▉      | 229/578 [01:42<02:01,  2.87it/s]
 40%|███▉      | 230/578 [01:43<02:21,  2.47it/s]
 40%|███▉      | 231/578 [01:43<02:05,  2.77it/s]
 40%|████      | 232/578 [01:44<02:24,  2.39it/s]
 40%|████      | 233/578 [01:44<02:08,  2.69it/s]
 40%|████      | 234/578 [01:45<02:20,  2.45it/s]
 41%|████      | 235/578 [01:45<02:04,  2.75it/s]
 41%|████      | 236/578 [01:45<02:20,  2.44it/s]
 41%|████      | 237/578 [01:46<02:04,  2.74it/s]
 41%|████      | 238/578 [01:46<02:40,  2.11it/s]
 41%|████▏     | 239/578 [01:47<02:18,  2.45it/s]
 42%|████▏     | 240/578 [01:47<02:23,  2.35it/s]
 42%|████▏     | 241/578 [01:47<02:10,  2.57it/s]
 42%|████▏     | 242/578 [01:48<02:39,  2.11it/s]
 42%|████▏     | 243/578 [01:48<02:17,  2.43it/s]
 42%|████▏     | 244/578 [01:49<02:28,  2.25it/s]
 42%|████▏     | 245/578 [01:49<02:09,  2.57it/s]
 43%|████▎     | 246/578 [01:50<02:19,  2.39it/s]
 43%|████▎     | 247/578 [01:50<02:03,  2.68it/s]
 43%|████▎     | 248/578 [01:50<02:17,  2.40it/s]
 43%|████▎     | 249/578 [01:51<02:01,  2.70it/s]
 43%|████▎     | 250/578 [01:51<02:14,  2.44it/s]
 43%|████▎     | 251/578 [01:51<01:59,  2.73it/s]
 44%|████▎     | 252/578 [01:52<02:05,  2.60it/s]
 44%|████▍     | 253/578 [01:52<01:55,  2.81it/s]
 44%|████▍     | 254/578 [01:53<02:06,  2.57it/s]
 44%|████▍     | 255/578 [01:53<02:03,  2.61it/s]
 44%|████▍     | 256/578 [01:53<02:06,  2.54it/s]
 44%|████▍     | 257/578 [01:54<01:54,  2.81it/s]
 45%|████▍     | 258/578 [01:54<02:32,  2.10it/s]
 45%|████▍     | 259/578 [01:55<02:11,  2.43it/s]
 45%|████▍     | 260/578 [01:55<02:24,  2.20it/s]
 45%|████▌     | 261/578 [01:55<02:05,  2.52it/s]
 45%|████▌     | 262/578 [01:56<02:47,  1.89it/s]
 46%|████▌     | 263/578 [01:57<02:22,  2.21it/s]
 46%|████▌     | 264/578 [01:57<02:28,  2.11it/s]
 46%|████▌     | 265/578 [01:57<02:08,  2.44it/s]
 46%|████▌     | 266/578 [01:58<02:09,  2.40it/s]
 46%|████▌     | 267/578 [01:58<01:56,  2.67it/s]
 46%|████▋     | 268/578 [01:59<02:04,  2.49it/s]
 47%|████▋     | 269/578 [01:59<01:50,  2.79it/s]
 47%|████▋     | 270/578 [01:59<02:03,  2.50it/s]
 47%|████▋     | 271/578 [02:00<01:49,  2.80it/s]
 47%|████▋     | 272/578 [02:01<03:09,  1.61it/s]
 47%|████▋     | 273/578 [02:01<02:35,  1.96it/s]
 47%|████▋     | 274/578 [02:01<02:27,  2.06it/s]
 48%|████▊     | 275/578 [02:02<02:07,  2.37it/s]
 48%|████▊     | 276/578 [02:03<02:41,  1.86it/s]
 48%|████▊     | 277/578 [02:03<02:17,  2.20it/s]
 48%|████▊     | 278/578 [02:03<02:15,  2.21it/s]
 48%|████▊     | 279/578 [02:03<01:57,  2.54it/s]
 48%|████▊     | 280/578 [02:04<02:05,  2.37it/s]
 49%|████▊     | 281/578 [02:04<01:50,  2.68it/s]
 49%|████▉     | 282/578 [02:05<01:59,  2.49it/s]
 49%|████▉     | 283/578 [02:05<01:46,  2.77it/s]
 49%|████▉     | 284/578 [02:05<02:01,  2.42it/s]
 49%|████▉     | 285/578 [02:06<01:47,  2.72it/s]
 49%|████▉     | 286/578 [02:06<02:07,  2.29it/s]
 50%|████▉     | 287/578 [02:07<01:50,  2.64it/s]
 50%|████▉     | 288/578 [02:07<02:09,  2.24it/s]
 50%|█████     | 289/578 [02:07<01:53,  2.54it/s]
 50%|█████     | 290/578 [02:08<01:56,  2.48it/s]
 50%|█████     | 291/578 [02:08<01:43,  2.77it/s]
 51%|█████     | 292/578 [02:09<01:56,  2.46it/s]
 51%|█████     | 293/578 [02:09<01:43,  2.76it/s]
 51%|█████     | 294/578 [02:09<01:53,  2.50it/s]
 51%|█████     | 295/578 [02:10<01:52,  2.51it/s]
 51%|█████     | 296/578 [02:10<01:47,  2.62it/s]
 51%|█████▏    | 297/578 [02:11<01:50,  2.54it/s]
 52%|█████▏    | 298/578 [02:11<01:39,  2.80it/s]
 52%|█████▏    | 299/578 [02:11<01:51,  2.49it/s]
 52%|█████▏    | 300/578 [02:12<01:45,  2.63it/s]
 52%|█████▏    | 301/578 [02:13<02:50,  1.63it/s]
 52%|█████▏    | 302/578 [02:13<02:28,  1.85it/s]
 52%|█████▏    | 303/578 [02:14<02:15,  2.02it/s]
 53%|█████▎    | 304/578 [02:14<02:01,  2.26it/s]
 53%|█████▎    | 305/578 [02:14<02:02,  2.23it/s]
 53%|█████▎    | 306/578 [02:15<01:51,  2.45it/s]
 53%|█████▎    | 307/578 [02:15<01:50,  2.45it/s]
 53%|█████▎    | 308/578 [02:16<02:29,  1.80it/s]
 53%|█████▎    | 309/578 [02:16<02:04,  2.16it/s]
 54%|█████▎    | 310/578 [02:17<02:19,  1.92it/s]
 54%|█████▍    | 311/578 [02:17<01:58,  2.26it/s]
 54%|█████▍    | 312/578 [02:18<02:01,  2.19it/s]
 54%|█████▍    | 313/578 [02:18<01:45,  2.51it/s]
 54%|█████▍    | 314/578 [02:18<01:51,  2.37it/s]
 54%|█████▍    | 315/578 [02:19<01:38,  2.67it/s]
 55%|█████▍    | 316/578 [02:19<01:59,  2.18it/s]
 55%|█████▍    | 317/578 [02:20<01:44,  2.50it/s]
 55%|█████▌    | 318/578 [02:20<02:03,  2.10it/s]
 55%|█████▌    | 319/578 [02:20<01:46,  2.43it/s]
 55%|█████▌    | 320/578 [02:21<01:55,  2.23it/s]
 56%|█████▌    | 321/578 [02:21<01:40,  2.56it/s]
 56%|█████▌    | 322/578 [02:22<01:57,  2.18it/s]
 56%|█████▌    | 323/578 [02:22<01:41,  2.50it/s]
 56%|█████▌    | 324/578 [02:23<02:00,  2.10it/s]
 56%|█████▌    | 325/578 [02:23<01:43,  2.44it/s]
 56%|█████▋    | 326/578 [02:24<01:48,  2.32it/s]
 57%|█████▋    | 327/578 [02:24<01:35,  2.62it/s]
 57%|█████▋    | 328/578 [02:24<01:41,  2.47it/s]
 57%|█████▋    | 329/578 [02:25<01:42,  2.42it/s]
 57%|█████▋    | 330/578 [02:25<01:41,  2.45it/s]
 57%|█████▋    | 331/578 [02:25<01:34,  2.61it/s]
 57%|█████▋    | 332/578 [02:26<01:33,  2.62it/s]
 58%|█████▊    | 333/578 [02:26<01:43,  2.37it/s]
 58%|█████▊    | 334/578 [02:27<01:31,  2.67it/s]
 58%|█████▊    | 335/578 [02:27<01:40,  2.42it/s]
 58%|█████▊    | 336/578 [02:27<01:33,  2.58it/s]
 58%|█████▊    | 337/578 [02:28<01:39,  2.43it/s]
 58%|█████▊    | 338/578 [02:28<01:27,  2.74it/s]
 59%|█████▊    | 339/578 [02:29<01:37,  2.45it/s]
 59%|█████▉    | 340/578 [02:29<01:29,  2.67it/s]
 59%|█████▉    | 341/578 [02:29<01:30,  2.61it/s]
 59%|█████▉    | 342/578 [02:30<01:30,  2.62it/s]
 59%|█████▉    | 343/578 [02:30<01:29,  2.63it/s]
 60%|█████▉    | 344/578 [02:31<01:32,  2.53it/s]
 60%|█████▉    | 345/578 [02:31<01:25,  2.73it/s]
 60%|█████▉    | 346/578 [02:31<01:40,  2.30it/s]
 60%|██████    | 347/578 [02:32<01:29,  2.58it/s]
 60%|██████    | 348/578 [02:32<01:51,  2.07it/s]
 60%|██████    | 349/578 [02:33<01:35,  2.39it/s]
 61%|██████    | 350/578 [02:33<01:46,  2.13it/s]
 61%|██████    | 351/578 [02:34<01:31,  2.47it/s]
 61%|██████    | 352/578 [02:34<01:41,  2.24it/s]
 61%|██████    | 353/578 [02:34<01:28,  2.55it/s]
 61%|██████    | 354/578 [02:35<01:40,  2.23it/s]
 61%|██████▏   | 355/578 [02:35<01:27,  2.56it/s]
 62%|██████▏   | 356/578 [02:36<01:32,  2.39it/s]
 62%|██████▏   | 357/578 [02:36<01:21,  2.70it/s]
 62%|██████▏   | 358/578 [02:36<01:30,  2.42it/s]
 62%|██████▏   | 359/578 [02:37<01:20,  2.72it/s]
 62%|██████▏   | 360/578 [02:37<01:29,  2.43it/s]
 62%|██████▏   | 361/578 [02:37<01:19,  2.72it/s]
 63%|██████▎   | 362/578 [02:38<01:46,  2.03it/s]
 63%|██████▎   | 363/578 [02:39<01:30,  2.36it/s]
 63%|██████▎   | 364/578 [02:39<01:39,  2.16it/s]
 63%|██████▎   | 365/578 [02:39<01:25,  2.49it/s]
 63%|██████▎   | 366/578 [02:40<01:32,  2.29it/s]
 63%|██████▎   | 367/578 [02:40<01:20,  2.61it/s]
 64%|██████▎   | 368/578 [02:41<01:33,  2.26it/s]
 64%|██████▍   | 369/578 [02:41<01:21,  2.56it/s]
 64%|██████▍   | 370/578 [02:41<01:24,  2.46it/s]
 64%|██████▍   | 371/578 [02:42<01:14,  2.76it/s]
 64%|██████▍   | 372/578 [02:42<01:22,  2.50it/s]
 65%|██████▍   | 373/578 [02:42<01:13,  2.78it/s]
 65%|██████▍   | 374/578 [02:43<01:28,  2.29it/s]
 65%|██████▍   | 375/578 [02:43<01:17,  2.61it/s]
 65%|██████▌   | 376/578 [02:44<01:25,  2.36it/s]
 65%|██████▌   | 377/578 [02:44<01:15,  2.67it/s]
 65%|██████▌   | 378/578 [02:45<01:20,  2.48it/s]
 66%|██████▌   | 379/578 [02:45<01:12,  2.76it/s]
 66%|██████▌   | 380/578 [02:45<01:17,  2.56it/s]
 66%|██████▌   | 381/578 [02:46<01:09,  2.85it/s]
 66%|██████▌   | 382/578 [02:46<01:17,  2.53it/s]
 66%|██████▋   | 383/578 [02:46<01:09,  2.81it/s]
 66%|██████▋   | 384/578 [02:47<01:20,  2.41it/s]
 67%|██████▋   | 385/578 [02:47<01:11,  2.71it/s]
 67%|██████▋   | 386/578 [02:48<01:18,  2.45it/s]
 67%|██████▋   | 387/578 [02:48<01:09,  2.76it/s]
 67%|██████▋   | 388/578 [02:48<01:17,  2.46it/s]
 67%|██████▋   | 389/578 [02:49<01:10,  2.67it/s]
 67%|██████▋   | 390/578 [02:49<01:16,  2.47it/s]
 68%|██████▊   | 391/578 [02:49<01:09,  2.69it/s]
 68%|██████▊   | 392/578 [02:50<01:09,  2.69it/s]
 68%|██████▊   | 393/578 [02:50<01:13,  2.53it/s]
 68%|██████▊   | 394/578 [02:51<01:17,  2.37it/s]
 68%|██████▊   | 395/578 [02:51<01:08,  2.68it/s]
 69%|██████▊   | 396/578 [02:51<01:10,  2.58it/s]
 69%|██████▊   | 397/578 [02:52<01:04,  2.80it/s]
 69%|██████▉   | 398/578 [02:52<01:09,  2.60it/s]
 69%|██████▉   | 399/578 [02:52<01:02,  2.85it/s]
 69%|██████▉   | 400/578 [02:53<01:08,  2.60it/s]
 69%|██████▉   | 401/578 [02:53<01:05,  2.71it/s]
 70%|██████▉   | 402/578 [02:54<01:07,  2.60it/s]
 70%|██████▉   | 403/578 [02:54<01:17,  2.25it/s]
 70%|██████▉   | 404/578 [02:54<01:07,  2.58it/s]
 70%|███████   | 405/578 [02:55<01:15,  2.30it/s]
 70%|███████   | 406/578 [02:55<01:05,  2.62it/s]
 70%|███████   | 407/578 [02:56<01:18,  2.17it/s]
 71%|███████   | 408/578 [02:56<01:07,  2.50it/s]
 71%|███████   | 409/578 [02:57<01:15,  2.22it/s]
 71%|███████   | 410/578 [02:57<01:06,  2.53it/s]
 71%|███████   | 411/578 [02:58<01:12,  2.31it/s]
 71%|███████▏  | 412/578 [02:58<01:04,  2.58it/s]
 71%|███████▏  | 413/578 [02:58<01:13,  2.26it/s]
 72%|███████▏  | 414/578 [02:59<01:04,  2.56it/s]
 72%|███████▏  | 415/578 [02:59<01:07,  2.40it/s]
 72%|███████▏  | 416/578 [02:59<01:00,  2.66it/s]
 72%|███████▏  | 417/578 [03:00<01:06,  2.43it/s]
 72%|███████▏  | 418/578 [03:00<00:59,  2.71it/s]
 72%|███████▏  | 419/578 [03:01<01:04,  2.45it/s]
 73%|███████▎  | 420/578 [03:01<00:57,  2.74it/s]
 73%|███████▎  | 421/578 [03:01<01:03,  2.45it/s]
 73%|███████▎  | 422/578 [03:02<00:56,  2.74it/s]
 73%|███████▎  | 423/578 [03:02<01:01,  2.51it/s]
 73%|███████▎  | 424/578 [03:02<00:55,  2.79it/s]
 74%|███████▎  | 425/578 [03:03<00:56,  2.72it/s]
 74%|███████▎  | 426/578 [03:03<00:51,  2.97it/s]
 74%|███████▍  | 427/578 [03:04<00:54,  2.78it/s]
 74%|███████▍  | 428/578 [03:04<00:49,  3.03it/s]
 74%|███████▍  | 429/578 [03:04<00:58,  2.55it/s]
 74%|███████▍  | 430/578 [03:05<00:52,  2.83it/s]
 75%|███████▍  | 431/578 [03:05<00:58,  2.49it/s]
 75%|███████▍  | 432/578 [03:05<00:52,  2.78it/s]
 75%|███████▍  | 433/578 [03:06<00:58,  2.49it/s]
 75%|███████▌  | 434/578 [03:06<00:51,  2.79it/s]
 75%|███████▌  | 435/578 [03:07<00:58,  2.44it/s]
 75%|███████▌  | 436/578 [03:07<00:52,  2.72it/s]
 76%|███████▌  | 437/578 [03:07<00:56,  2.48it/s]
 76%|███████▌  | 438/578 [03:08<00:50,  2.77it/s]
 76%|███████▌  | 439/578 [03:08<00:54,  2.55it/s]
 76%|███████▌  | 440/578 [03:08<00:48,  2.83it/s]
 76%|███████▋  | 441/578 [03:09<00:55,  2.48it/s]
 76%|███████▋  | 442/578 [03:09<00:49,  2.75it/s]
 77%|███████▋  | 443/578 [03:10<00:53,  2.50it/s]
 77%|███████▋  | 444/578 [03:10<00:48,  2.77it/s]
 77%|███████▋  | 445/578 [03:11<00:57,  2.33it/s]
 77%|███████▋  | 446/578 [03:11<00:49,  2.64it/s]
 77%|███████▋  | 447/578 [03:11<00:54,  2.42it/s]
 78%|███████▊  | 448/578 [03:12<00:48,  2.71it/s]
 78%|███████▊  | 449/578 [03:12<00:49,  2.59it/s]
 78%|███████▊  | 450/578 [03:12<00:44,  2.85it/s]
 78%|███████▊  | 451/578 [03:13<00:49,  2.56it/s]
 78%|███████▊  | 452/578 [03:13<00:44,  2.84it/s]
 78%|███████▊  | 453/578 [03:13<00:47,  2.64it/s]
 79%|███████▊  | 454/578 [03:14<00:42,  2.91it/s]
 79%|███████▊  | 455/578 [03:14<00:47,  2.62it/s]
 79%|███████▉  | 456/578 [03:14<00:42,  2.88it/s]
 79%|███████▉  | 457/578 [03:15<00:42,  2.84it/s]
 79%|███████▉  | 458/578 [03:15<00:54,  2.19it/s]
 79%|███████▉  | 459/578 [03:16<00:47,  2.50it/s]
 80%|███████▉  | 460/578 [03:16<00:55,  2.14it/s]
 80%|███████▉  | 461/578 [03:17<00:47,  2.47it/s]
 80%|███████▉  | 462/578 [03:17<00:53,  2.17it/s]
 80%|████████  | 463/578 [03:18<00:46,  2.48it/s]
 80%|████████  | 464/578 [03:18<00:47,  2.41it/s]
 80%|████████  | 465/578 [03:18<00:41,  2.70it/s]
 81%|████████  | 466/578 [03:19<00:45,  2.48it/s]
 81%|████████  | 467/578 [03:19<00:39,  2.78it/s]
 81%|████████  | 468/578 [03:19<00:42,  2.59it/s]
 81%|████████  | 469/578 [03:20<00:37,  2.88it/s]
 81%|████████▏ | 470/578 [03:20<00:41,  2.60it/s]
 81%|████████▏ | 471/578 [03:20<00:37,  2.87it/s]
 82%|████████▏ | 472/578 [03:21<00:53,  1.97it/s]
 82%|████████▏ | 473/578 [03:22<00:45,  2.31it/s]
 82%|████████▏ | 474/578 [03:22<00:45,  2.30it/s]
 82%|████████▏ | 475/578 [03:22<00:39,  2.60it/s]
 82%|████████▏ | 476/578 [03:23<00:49,  2.06it/s]
 83%|████████▎ | 477/578 [03:23<00:42,  2.39it/s]
 83%|████████▎ | 478/578 [03:24<00:45,  2.20it/s]
 83%|████████▎ | 479/578 [03:24<00:39,  2.51it/s]
 83%|████████▎ | 480/578 [03:25<00:43,  2.28it/s]
 83%|████████▎ | 481/578 [03:25<00:37,  2.57it/s]
 83%|████████▎ | 482/578 [03:25<00:39,  2.41it/s]
 84%|████████▎ | 483/578 [03:26<00:35,  2.69it/s]
 84%|████████▎ | 484/578 [03:26<00:37,  2.50it/s]
 84%|████████▍ | 485/578 [03:26<00:33,  2.77it/s]
 84%|████████▍ | 486/578 [03:27<00:37,  2.48it/s]
 84%|████████▍ | 487/578 [03:27<00:33,  2.76it/s]
 84%|████████▍ | 488/578 [03:28<00:38,  2.32it/s]
 85%|████████▍ | 489/578 [03:28<00:34,  2.59it/s]
 85%|████████▍ | 490/578 [03:28<00:36,  2.38it/s]
 85%|████████▍ | 491/578 [03:29<00:32,  2.66it/s]
 85%|████████▌ | 492/578 [03:29<00:36,  2.37it/s]
 85%|████████▌ | 493/578 [03:30<00:32,  2.62it/s]
 85%|████████▌ | 494/578 [03:30<00:38,  2.19it/s]
 86%|████████▌ | 495/578 [03:30<00:33,  2.51it/s]
 86%|████████▌ | 496/578 [03:31<00:34,  2.40it/s]
 86%|████████▌ | 497/578 [03:31<00:30,  2.70it/s]
 86%|████████▌ | 498/578 [03:32<00:32,  2.44it/s]
 86%|████████▋ | 499/578 [03:32<00:28,  2.75it/s]
 87%|████████▋ | 500/578 [03:33<00:34,  2.23it/s]
 87%|████████▋ | 501/578 [03:33<00:30,  2.56it/s]
 87%|████████▋ | 502/578 [03:33<00:32,  2.33it/s]
 87%|████████▋ | 503/578 [03:34<00:28,  2.63it/s]
 87%|████████▋ | 504/578 [03:34<00:29,  2.52it/s]
 87%|████████▋ | 505/578 [03:34<00:26,  2.81it/s]
 88%|████████▊ | 506/578 [03:35<00:27,  2.62it/s]
 88%|████████▊ | 507/578 [03:35<00:24,  2.89it/s]
 88%|████████▊ | 508/578 [03:36<00:27,  2.53it/s]
 88%|████████▊ | 509/578 [03:36<00:26,  2.63it/s]
 88%|████████▊ | 510/578 [03:36<00:24,  2.78it/s]
 88%|████████▊ | 511/578 [03:37<00:26,  2.48it/s]
 89%|████████▊ | 512/578 [03:37<00:25,  2.57it/s]
 89%|████████▉ | 513/578 [03:37<00:24,  2.62it/s]
 89%|████████▉ | 514/578 [03:38<00:26,  2.44it/s]
 89%|████████▉ | 515/578 [03:38<00:22,  2.74it/s]
 89%|████████▉ | 516/578 [03:39<00:25,  2.45it/s]
 89%|████████▉ | 517/578 [03:39<00:22,  2.74it/s]
 90%|████████▉ | 518/578 [03:39<00:24,  2.50it/s]
 90%|████████▉ | 519/578 [03:40<00:21,  2.77it/s]
 90%|████████▉ | 520/578 [03:40<00:23,  2.45it/s]
 90%|█████████ | 521/578 [03:40<00:20,  2.75it/s]
 90%|█████████ | 522/578 [03:41<00:22,  2.52it/s]
 90%|█████████ | 523/578 [03:41<00:19,  2.78it/s]
 91%|█████████ | 524/578 [03:42<00:20,  2.64it/s]
 91%|█████████ | 525/578 [03:42<00:19,  2.70it/s]
 91%|█████████ | 526/578 [03:43<00:23,  2.23it/s]
 91%|█████████ | 527/578 [03:43<00:20,  2.55it/s]
 91%|█████████▏| 528/578 [03:43<00:22,  2.24it/s]
 92%|█████████▏| 529/578 [03:44<00:19,  2.56it/s]
 92%|█████████▏| 530/578 [03:44<00:19,  2.42it/s]
 92%|█████████▏| 531/578 [03:44<00:17,  2.72it/s]
 92%|█████████▏| 532/578 [03:45<00:17,  2.58it/s]
 92%|█████████▏| 533/578 [03:45<00:15,  2.86it/s]
 92%|█████████▏| 534/578 [03:46<00:17,  2.55it/s]
 93%|█████████▎| 535/578 [03:46<00:15,  2.84it/s]
 93%|█████████▎| 536/578 [03:46<00:15,  2.65it/s]
 93%|█████████▎| 537/578 [03:47<00:14,  2.92it/s]
 93%|█████████▎| 538/578 [03:47<00:15,  2.58it/s]
 93%|█████████▎| 539/578 [03:47<00:14,  2.77it/s]
 93%|█████████▎| 540/578 [03:48<00:15,  2.53it/s]
 94%|█████████▎| 541/578 [03:48<00:13,  2.81it/s]
 94%|█████████▍| 542/578 [03:49<00:13,  2.59it/s]
 94%|█████████▍| 543/578 [03:49<00:12,  2.87it/s]
 94%|█████████▍| 544/578 [03:49<00:12,  2.70it/s]
 94%|█████████▍| 545/578 [03:49<00:11,  2.94it/s]
 94%|█████████▍| 546/578 [03:50<00:13,  2.41it/s]
 95%|█████████▍| 547/578 [03:50<00:11,  2.62it/s]
 95%|█████████▍| 548/578 [03:51<00:13,  2.19it/s]
 95%|█████████▍| 549/578 [03:51<00:11,  2.51it/s]
 95%|█████████▌| 550/578 [03:52<00:11,  2.40it/s]
 95%|█████████▌| 551/578 [03:52<00:10,  2.59it/s]
 96%|█████████▌| 552/578 [03:52<00:10,  2.50it/s]
 96%|█████████▌| 553/578 [03:53<00:10,  2.46it/s]
 96%|█████████▌| 554/578 [03:53<00:09,  2.41it/s]
 96%|█████████▌| 555/578 [03:54<00:09,  2.52it/s]
 96%|█████████▌| 556/578 [03:54<00:09,  2.41it/s]
 96%|█████████▋| 557/578 [03:54<00:07,  2.63it/s]
 97%|█████████▋| 558/578 [03:55<00:08,  2.47it/s]
 97%|█████████▋| 559/578 [03:55<00:06,  2.74it/s]
 97%|█████████▋| 560/578 [03:56<00:07,  2.41it/s]
 97%|█████████▋| 561/578 [03:56<00:06,  2.66it/s]
 97%|█████████▋| 562/578 [03:56<00:06,  2.44it/s]
 97%|█████████▋| 563/578 [03:57<00:05,  2.65it/s]
 98%|█████████▊| 564/578 [03:57<00:06,  2.20it/s]
 98%|█████████▊| 565/578 [03:58<00:05,  2.49it/s]
 98%|█████████▊| 566/578 [03:58<00:05,  2.34it/s]
 98%|█████████▊| 567/578 [03:58<00:04,  2.67it/s]
 98%|█████████▊| 568/578 [03:59<00:05,  1.96it/s]
 98%|█████████▊| 569/578 [04:00<00:03,  2.29it/s]
 99%|█████████▊| 570/578 [04:00<00:03,  2.00it/s]
 99%|█████████▉| 571/578 [04:00<00:02,  2.34it/s]
 99%|█████████▉| 572/578 [04:01<00:02,  2.12it/s]
 99%|█████████▉| 573/578 [04:01<00:02,  2.44it/s]
 99%|█████████▉| 574/578 [04:02<00:01,  2.33it/s]
 99%|█████████▉| 575/578 [04:02<00:01,  2.64it/s]
100%|█████████▉| 576/578 [04:02<00:00,  2.45it/s]
100%|█████████▉| 577/578 [04:03<00:00,  2.76it/s]
100%|██████████| 578/578 [04:03<00:00,  2.10it/s]
100%|██████████| 578/578 [04:04<00:00,  2.37it/s]
Loss: 321.0327
Shape of y_trues: (4623, 8)
Shape of y_scores: (4623, 8)
F1s: [0.61235316 0.95214657 0.79481641 0.58959538 0.90315315 0.64864865
 0.23703704 0.24924012]
Avg F1: 0.6234
AUCs: [0.9824685  0.99123177 0.9727248  0.78508209 0.99023234 0.93222915
 0.62869259 0.70439724]
Avg AUC: 0.8734
/projappl/project_2010942/ecg-arrhythmia-model/main.py:240: FutureWarning: You are using `torch.load` with `weights_only=False` (the current default value), which uses the default pickle module implicitly. It is possible to construct malicious pickle data which will execute arbitrary code during unpickling (See https://github.com/pytorch/pytorch/blob/main/SECURITY.md#untrusted-models for more details). In a future release, the default value for `weights_only` will be flipped to `True`. This limits the functions that could be executed during unpickling. Arbitrary objects will no longer be allowed to be loaded via this mode unless they are explicitly allowlisted by the user via `torch.serialization.add_safe_globals`. We recommend you start setting `weights_only=True` for any use case where you don't have full control of the loaded file. Please open an issue on GitHub for any issues related to this experimental feature.
  net.load_state_dict(torch.load(args.model_path, map_location=device))
Train folds: [ 9  2  6  1  8  3 10  5]
Validation folds: [4 7]
Validating...
Model in-used:  models/resnet34_train_dataset_all_42_9_classes.pth

  0%|          | 0/936 [00:00<?, ?it/s]
  0%|          | 1/936 [00:01<25:50,  1.66s/it]
  0%|          | 2/936 [00:01<13:24,  1.16it/s]
  0%|          | 3/936 [00:02<12:31,  1.24it/s]
  0%|          | 4/936 [00:02<09:13,  1.68it/s]
  1%|          | 5/936 [00:03<09:15,  1.68it/s]
  1%|          | 6/936 [00:03<07:32,  2.05it/s]
  1%|          | 7/936 [00:04<07:36,  2.04it/s]
  1%|          | 8/936 [00:04<06:36,  2.34it/s]
  1%|          | 9/936 [00:05<06:47,  2.27it/s]
  1%|          | 10/936 [00:05<06:00,  2.57it/s]
  1%|          | 11/936 [00:06<07:17,  2.11it/s]
  1%|▏         | 12/936 [00:06<06:23,  2.41it/s]
  1%|▏         | 13/936 [00:06<07:07,  2.16it/s]
  1%|▏         | 14/936 [00:07<06:13,  2.47it/s]
  2%|▏         | 15/936 [00:07<07:04,  2.17it/s]
  2%|▏         | 16/936 [00:08<06:14,  2.46it/s]
  2%|▏         | 17/936 [00:08<06:59,  2.19it/s]
  2%|▏         | 18/936 [00:08<06:10,  2.47it/s]
  2%|▏         | 19/936 [00:09<07:11,  2.13it/s]
  2%|▏         | 20/936 [00:09<06:20,  2.41it/s]
  2%|▏         | 21/936 [00:10<08:25,  1.81it/s]
  2%|▏         | 22/936 [00:10<07:04,  2.15it/s]
  2%|▏         | 23/936 [00:11<09:02,  1.68it/s]
  3%|▎         | 24/936 [00:12<07:36,  2.00it/s]
  3%|▎         | 25/936 [00:12<08:05,  1.88it/s]
  3%|▎         | 26/936 [00:13<06:54,  2.20it/s]
  3%|▎         | 27/936 [00:13<07:48,  1.94it/s]
  3%|▎         | 28/936 [00:13<06:39,  2.27it/s]
  3%|▎         | 29/936 [00:14<08:21,  1.81it/s]
  3%|▎         | 30/936 [00:15<07:04,  2.14it/s]
  3%|▎         | 31/936 [00:15<07:02,  2.14it/s]
  3%|▎         | 32/936 [00:15<06:09,  2.45it/s]
  4%|▎         | 33/936 [00:16<07:38,  1.97it/s]
  4%|▎         | 34/936 [00:16<06:40,  2.25it/s]
  4%|▎         | 35/936 [00:17<08:13,  1.83it/s]
  4%|▍         | 36/936 [00:17<06:59,  2.14it/s]
  4%|▍         | 37/936 [00:18<08:30,  1.76it/s]
  4%|▍         | 38/936 [00:18<07:01,  2.13it/s]
  4%|▍         | 39/936 [00:19<06:37,  2.26it/s]
  4%|▍         | 40/936 [00:19<05:55,  2.52it/s]
  4%|▍         | 41/936 [00:20<06:15,  2.38it/s]
  4%|▍         | 42/936 [00:20<05:36,  2.65it/s]
  5%|▍         | 43/936 [00:21<07:58,  1.87it/s]
  5%|▍         | 44/936 [00:21<06:36,  2.25it/s]
  5%|▍         | 45/936 [00:21<05:57,  2.50it/s]
  5%|▍         | 46/936 [00:22<05:22,  2.76it/s]
  5%|▌         | 47/936 [00:22<07:37,  1.94it/s]
  5%|▌         | 48/936 [00:23<06:28,  2.29it/s]
  5%|▌         | 49/936 [00:23<05:47,  2.55it/s]
  5%|▌         | 50/936 [00:23<05:13,  2.83it/s]
  5%|▌         | 51/936 [00:24<06:14,  2.36it/s]
  6%|▌         | 52/936 [00:24<05:34,  2.64it/s]
  6%|▌         | 53/936 [00:25<07:58,  1.84it/s]
  6%|▌         | 54/936 [00:25<06:55,  2.12it/s]
  6%|▌         | 55/936 [00:26<06:51,  2.14it/s]
  6%|▌         | 56/936 [00:26<06:01,  2.43it/s]
  6%|▌         | 57/936 [00:27<06:27,  2.27it/s]
  6%|▌         | 58/936 [00:27<05:46,  2.53it/s]
  6%|▋         | 59/936 [00:27<06:04,  2.41it/s]
  6%|▋         | 60/936 [00:28<05:28,  2.67it/s]
  7%|▋         | 61/936 [00:28<05:52,  2.48it/s]
  7%|▋         | 62/936 [00:28<05:22,  2.71it/s]
  7%|▋         | 63/936 [00:29<06:28,  2.25it/s]
  7%|▋         | 64/936 [00:29<05:46,  2.52it/s]
  7%|▋         | 65/936 [00:30<06:49,  2.13it/s]
  7%|▋         | 66/936 [00:30<05:57,  2.43it/s]
  7%|▋         | 67/936 [00:31<06:19,  2.29it/s]
  7%|▋         | 68/936 [00:31<05:38,  2.56it/s]
  7%|▋         | 69/936 [00:32<06:37,  2.18it/s]
  7%|▋         | 70/936 [00:32<05:50,  2.47it/s]
  8%|▊         | 71/936 [00:32<06:16,  2.30it/s]
  8%|▊         | 72/936 [00:33<05:35,  2.58it/s]
  8%|▊         | 73/936 [00:33<06:15,  2.30it/s]
  8%|▊         | 74/936 [00:33<05:36,  2.56it/s]
  8%|▊         | 75/936 [00:34<06:25,  2.24it/s]
  8%|▊         | 76/936 [00:34<05:40,  2.52it/s]
  8%|▊         | 77/936 [00:35<06:25,  2.23it/s]
  8%|▊         | 78/936 [00:35<05:42,  2.50it/s]
  8%|▊         | 79/936 [00:36<06:26,  2.22it/s]
  9%|▊         | 80/936 [00:36<05:42,  2.50it/s]
  9%|▊         | 81/936 [00:37<06:30,  2.19it/s]
  9%|▉         | 82/936 [00:37<05:42,  2.50it/s]
  9%|▉         | 83/936 [00:38<06:50,  2.08it/s]
  9%|▉         | 84/936 [00:38<05:56,  2.39it/s]
  9%|▉         | 85/936 [00:38<06:52,  2.06it/s]
  9%|▉         | 86/936 [00:39<05:59,  2.36it/s]
  9%|▉         | 87/936 [00:39<06:46,  2.09it/s]
  9%|▉         | 88/936 [00:40<05:52,  2.40it/s]
 10%|▉         | 89/936 [00:40<07:08,  1.98it/s]
 10%|▉         | 90/936 [00:41<06:11,  2.28it/s]
 10%|▉         | 91/936 [00:41<06:32,  2.15it/s]
 10%|▉         | 92/936 [00:41<05:46,  2.43it/s]
 10%|▉         | 93/936 [00:42<06:43,  2.09it/s]
 10%|█         | 94/936 [00:42<05:55,  2.37it/s]
 10%|█         | 95/936 [00:43<06:11,  2.26it/s]
 10%|█         | 96/936 [00:43<05:26,  2.57it/s]
 10%|█         | 97/936 [00:44<07:05,  1.97it/s]
 10%|█         | 98/936 [00:44<06:04,  2.30it/s]
 11%|█         | 99/936 [00:45<06:40,  2.09it/s]
 11%|█         | 100/936 [00:45<05:50,  2.39it/s]
 11%|█         | 101/936 [00:46<06:23,  2.18it/s]
 11%|█         | 102/936 [00:46<05:38,  2.46it/s]
 11%|█         | 103/936 [00:46<06:03,  2.29it/s]
 11%|█         | 104/936 [00:47<05:21,  2.59it/s]
 11%|█         | 105/936 [00:47<07:15,  1.91it/s]
 11%|█▏        | 106/936 [00:48<06:16,  2.21it/s]
 11%|█▏        | 107/936 [00:48<06:51,  2.01it/s]
 12%|█▏        | 108/936 [00:49<05:55,  2.33it/s]
 12%|█▏        | 109/936 [00:49<06:51,  2.01it/s]
 12%|█▏        | 110/936 [00:50<05:55,  2.32it/s]
 12%|█▏        | 111/936 [00:50<07:03,  1.95it/s]
 12%|█▏        | 112/936 [00:51<06:04,  2.26it/s]
 12%|█▏        | 113/936 [00:51<06:15,  2.19it/s]
 12%|█▏        | 114/936 [00:51<05:29,  2.49it/s]
 12%|█▏        | 115/936 [00:52<06:08,  2.23it/s]
 12%|█▏        | 116/936 [00:52<05:24,  2.53it/s]
 12%|█▎        | 117/936 [00:53<06:21,  2.15it/s]
 13%|█▎        | 118/936 [00:53<05:31,  2.47it/s]
 13%|█▎        | 119/936 [00:54<06:43,  2.02it/s]
 13%|█▎        | 120/936 [00:54<05:47,  2.35it/s]
 13%|█▎        | 121/936 [00:55<06:21,  2.13it/s]
 13%|█▎        | 122/936 [00:55<05:34,  2.43it/s]
 13%|█▎        | 123/936 [00:55<05:54,  2.30it/s]
 13%|█▎        | 124/936 [00:56<05:17,  2.56it/s]
 13%|█▎        | 125/936 [00:57<08:06,  1.67it/s]
 13%|█▎        | 126/936 [00:57<06:49,  1.98it/s]
 14%|█▎        | 127/936 [00:57<06:52,  1.96it/s]
 14%|█▎        | 128/936 [00:58<05:55,  2.27it/s]
 14%|█▍        | 129/936 [00:58<06:59,  1.92it/s]
 14%|█▍        | 130/936 [00:59<05:58,  2.25it/s]
 14%|█▍        | 131/936 [00:59<06:12,  2.16it/s]
 14%|█▍        | 132/936 [01:00<05:29,  2.44it/s]
 14%|█▍        | 133/936 [01:00<06:18,  2.12it/s]
 14%|█▍        | 134/936 [01:00<05:30,  2.43it/s]
 14%|█▍        | 135/936 [01:01<06:11,  2.16it/s]
 15%|█▍        | 136/936 [01:01<05:22,  2.48it/s]
 15%|█▍        | 137/936 [01:02<06:23,  2.08it/s]
 15%|█▍        | 138/936 [01:02<05:32,  2.40it/s]
 15%|█▍        | 139/936 [01:03<06:09,  2.16it/s]
 15%|█▍        | 140/936 [01:03<05:23,  2.46it/s]
 15%|█▌        | 141/936 [01:04<06:17,  2.10it/s]
 15%|█▌        | 142/936 [01:04<05:28,  2.42it/s]
 15%|█▌        | 143/936 [01:05<06:26,  2.05it/s]
 15%|█▌        | 144/936 [01:05<05:36,  2.36it/s]
 15%|█▌        | 145/936 [01:05<05:46,  2.28it/s]
 16%|█▌        | 146/936 [01:06<05:09,  2.56it/s]
 16%|█▌        | 147/936 [01:06<06:08,  2.14it/s]
 16%|█▌        | 148/936 [01:07<05:27,  2.41it/s]
 16%|█▌        | 149/936 [01:07<05:40,  2.31it/s]
 16%|█▌        | 150/936 [01:07<05:03,  2.59it/s]
 16%|█▌        | 151/936 [01:08<06:28,  2.02it/s]
 16%|█▌        | 152/936 [01:08<05:41,  2.30it/s]
 16%|█▋        | 153/936 [01:09<05:45,  2.27it/s]
 16%|█▋        | 154/936 [01:09<05:08,  2.53it/s]
 17%|█▋        | 155/936 [01:10<05:40,  2.29it/s]
 17%|█▋        | 156/936 [01:10<05:04,  2.56it/s]
 17%|█▋        | 157/936 [01:10<05:16,  2.46it/s]
 17%|█▋        | 158/936 [01:11<04:47,  2.70it/s]
 17%|█▋        | 159/936 [01:12<06:45,  1.92it/s]
 17%|█▋        | 160/936 [01:12<05:51,  2.21it/s]
 17%|█▋        | 161/936 [01:13<06:45,  1.91it/s]
 17%|█▋        | 162/936 [01:13<05:47,  2.23it/s]
 17%|█▋        | 163/936 [01:14<07:03,  1.82it/s]
 18%|█▊        | 164/936 [01:14<05:59,  2.15it/s]
 18%|█▊        | 165/936 [01:14<06:29,  1.98it/s]
 18%|█▊        | 166/936 [01:15<05:36,  2.29it/s]
 18%|█▊        | 167/936 [01:15<06:11,  2.07it/s]
 18%|█▊        | 168/936 [01:16<05:21,  2.39it/s]
 18%|█▊        | 169/936 [01:16<05:46,  2.22it/s]
 18%|█▊        | 170/936 [01:16<05:05,  2.51it/s]
 18%|█▊        | 171/936 [01:17<05:56,  2.15it/s]
 18%|█▊        | 172/936 [01:17<05:14,  2.43it/s]
 18%|█▊        | 173/936 [01:18<05:44,  2.21it/s]
 19%|█▊        | 174/936 [01:18<05:07,  2.48it/s]
 19%|█▊        | 175/936 [01:19<05:15,  2.41it/s]
 19%|█▉        | 176/936 [01:19<04:44,  2.67it/s]
 19%|█▉        | 177/936 [01:19<04:53,  2.59it/s]
 19%|█▉        | 178/936 [01:20<04:25,  2.85it/s]
 19%|█▉        | 179/936 [01:20<05:18,  2.38it/s]
 19%|█▉        | 180/936 [01:20<04:46,  2.64it/s]
 19%|█▉        | 181/936 [01:21<05:10,  2.44it/s]
 19%|█▉        | 182/936 [01:21<04:40,  2.69it/s]
 20%|█▉        | 183/936 [01:22<05:04,  2.47it/s]
 20%|█▉        | 184/936 [01:22<04:34,  2.73it/s]
 20%|█▉        | 185/936 [01:23<05:46,  2.17it/s]
 20%|█▉        | 186/936 [01:23<05:03,  2.47it/s]
 20%|█▉        | 187/936 [01:24<06:06,  2.05it/s]
 20%|██        | 188/936 [01:24<05:16,  2.36it/s]
 20%|██        | 189/936 [01:24<05:35,  2.23it/s]
 20%|██        | 190/936 [01:25<04:57,  2.50it/s]
 20%|██        | 191/936 [01:25<05:31,  2.25it/s]
 21%|██        | 192/936 [01:25<04:52,  2.54it/s]
 21%|██        | 193/936 [01:26<05:09,  2.40it/s]
 21%|██        | 194/936 [01:26<04:35,  2.69it/s]
 21%|██        | 195/936 [01:27<04:56,  2.50it/s]
 21%|██        | 196/936 [01:27<04:55,  2.50it/s]
 21%|██        | 197/936 [01:28<05:32,  2.22it/s]
 21%|██        | 198/936 [01:28<04:53,  2.52it/s]
 21%|██▏       | 199/936 [01:28<05:33,  2.21it/s]
 21%|██▏       | 200/936 [01:29<04:52,  2.51it/s]
 21%|██▏       | 201/936 [01:29<06:06,  2.01it/s]
 22%|██▏       | 202/936 [01:30<05:15,  2.32it/s]
 22%|██▏       | 203/936 [01:30<05:26,  2.24it/s]
 22%|██▏       | 204/936 [01:31<04:48,  2.54it/s]
 22%|██▏       | 205/936 [01:31<05:33,  2.19it/s]
 22%|██▏       | 206/936 [01:31<04:53,  2.49it/s]
 22%|██▏       | 207/936 [01:32<05:35,  2.17it/s]
 22%|██▏       | 208/936 [01:32<04:58,  2.44it/s]
 22%|██▏       | 209/936 [01:33<05:20,  2.27it/s]
 22%|██▏       | 210/936 [01:33<04:44,  2.55it/s]
 23%|██▎       | 211/936 [01:34<05:41,  2.12it/s]
 23%|██▎       | 212/936 [01:34<05:01,  2.40it/s]
 23%|██▎       | 213/936 [01:35<06:07,  1.97it/s]
 23%|██▎       | 214/936 [01:35<05:16,  2.28it/s]
 23%|██▎       | 215/936 [01:36<05:29,  2.19it/s]
 23%|██▎       | 216/936 [01:36<04:50,  2.48it/s]
 23%|██▎       | 217/936 [01:36<05:27,  2.20it/s]
 23%|██▎       | 218/936 [01:37<04:48,  2.48it/s]
 23%|██▎       | 219/936 [01:37<05:13,  2.29it/s]
 24%|██▎       | 220/936 [01:37<04:38,  2.57it/s]
 24%|██▎       | 221/936 [01:38<04:58,  2.39it/s]
 24%|██▎       | 222/936 [01:38<04:28,  2.66it/s]
 24%|██▍       | 223/936 [01:39<05:34,  2.13it/s]
 24%|██▍       | 224/936 [01:39<04:55,  2.41it/s]
 24%|██▍       | 225/936 [01:40<05:10,  2.29it/s]
 24%|██▍       | 226/936 [01:40<04:36,  2.57it/s]
 24%|██▍       | 227/936 [01:40<05:09,  2.29it/s]
 24%|██▍       | 228/936 [01:41<04:37,  2.55it/s]
 24%|██▍       | 229/936 [01:41<05:02,  2.34it/s]
 25%|██▍       | 230/936 [01:42<04:30,  2.61it/s]
 25%|██▍       | 231/936 [01:42<05:16,  2.23it/s]
 25%|██▍       | 232/936 [01:42<04:38,  2.52it/s]
 25%|██▍       | 233/936 [01:43<05:07,  2.28it/s]
 25%|██▌       | 234/936 [01:43<04:32,  2.58it/s]
 25%|██▌       | 235/936 [01:44<06:42,  1.74it/s]
 25%|██▌       | 236/936 [01:45<05:36,  2.08it/s]
 25%|██▌       | 237/936 [01:45<06:25,  1.81it/s]
 25%|██▌       | 238/936 [01:46<05:27,  2.13it/s]
 26%|██▌       | 239/936 [01:46<05:48,  2.00it/s]
 26%|██▌       | 240/936 [01:46<05:03,  2.30it/s]
 26%|██▌       | 241/936 [01:47<05:05,  2.28it/s]
 26%|██▌       | 242/936 [01:47<04:30,  2.56it/s]
 26%|██▌       | 243/936 [01:48<05:39,  2.04it/s]
 26%|██▌       | 244/936 [01:48<04:54,  2.35it/s]
 26%|██▌       | 245/936 [01:49<05:15,  2.19it/s]
 26%|██▋       | 246/936 [01:49<04:38,  2.48it/s]
 26%|██▋       | 247/936 [01:49<05:04,  2.26it/s]
 26%|██▋       | 248/936 [01:50<04:33,  2.52it/s]
 27%|██▋       | 249/936 [01:50<04:57,  2.31it/s]
 27%|██▋       | 250/936 [01:51<04:25,  2.58it/s]
 27%|██▋       | 251/936 [01:51<04:51,  2.35it/s]
 27%|██▋       | 252/936 [01:51<04:23,  2.59it/s]
 27%|██▋       | 253/936 [01:52<04:51,  2.34it/s]
 27%|██▋       | 254/936 [01:52<04:21,  2.61it/s]
 27%|██▋       | 255/936 [01:53<05:03,  2.25it/s]
 27%|██▋       | 256/936 [01:53<04:28,  2.54it/s]
 27%|██▋       | 257/936 [01:54<05:04,  2.23it/s]
 28%|██▊       | 258/936 [01:54<04:28,  2.52it/s]
 28%|██▊       | 259/936 [01:54<05:11,  2.18it/s]
 28%|██▊       | 260/936 [01:55<04:34,  2.46it/s]
 28%|██▊       | 261/936 [01:56<05:47,  1.95it/s]
 28%|██▊       | 262/936 [01:56<05:00,  2.24it/s]
 28%|██▊       | 263/936 [01:56<05:23,  2.08it/s]
 28%|██▊       | 264/936 [01:57<04:41,  2.39it/s]
 28%|██▊       | 265/936 [01:57<05:31,  2.02it/s]
 28%|██▊       | 266/936 [01:58<04:47,  2.33it/s]
 29%|██▊       | 267/936 [01:58<05:50,  1.91it/s]
 29%|██▊       | 268/936 [01:59<04:59,  2.23it/s]
 29%|██▊       | 269/936 [01:59<05:11,  2.14it/s]
 29%|██▉       | 270/936 [01:59<04:31,  2.45it/s]
 29%|██▉       | 271/936 [02:00<05:10,  2.14it/s]
 29%|██▉       | 272/936 [02:00<04:30,  2.46it/s]
 29%|██▉       | 273/936 [02:01<05:15,  2.10it/s]
 29%|██▉       | 274/936 [02:01<04:34,  2.41it/s]
 29%|██▉       | 275/936 [02:02<05:07,  2.15it/s]
 29%|██▉       | 276/936 [02:02<04:27,  2.47it/s]
 30%|██▉       | 277/936 [02:03<05:03,  2.17it/s]
 30%|██▉       | 278/936 [02:03<04:27,  2.46it/s]
 30%|██▉       | 279/936 [02:03<04:53,  2.24it/s]
 30%|██▉       | 280/936 [02:04<04:22,  2.49it/s]
 30%|███       | 281/936 [02:04<04:40,  2.33it/s]
 30%|███       | 282/936 [02:04<04:12,  2.59it/s]
 30%|███       | 283/936 [02:05<04:50,  2.25it/s]
 30%|███       | 284/936 [02:05<04:14,  2.56it/s]
 30%|███       | 285/936 [02:06<04:37,  2.35it/s]
 31%|███       | 286/936 [02:06<04:08,  2.62it/s]
 31%|███       | 287/936 [02:07<04:36,  2.35it/s]
 31%|███       | 288/936 [02:07<04:04,  2.65it/s]
 31%|███       | 289/936 [02:07<04:32,  2.38it/s]
 31%|███       | 290/936 [02:08<04:03,  2.65it/s]
 31%|███       | 291/936 [02:08<04:59,  2.15it/s]
 31%|███       | 292/936 [02:09<04:23,  2.45it/s]
 31%|███▏      | 293/936 [02:09<04:42,  2.27it/s]
 31%|███▏      | 294/936 [02:09<04:09,  2.57it/s]
 32%|███▏      | 295/936 [02:10<04:24,  2.43it/s]
 32%|███▏      | 296/936 [02:10<03:55,  2.72it/s]
 32%|███▏      | 297/936 [02:11<04:22,  2.43it/s]
 32%|███▏      | 298/936 [02:11<03:56,  2.70it/s]
 32%|███▏      | 299/936 [02:11<04:27,  2.38it/s]
 32%|███▏      | 300/936 [02:12<04:00,  2.65it/s]
 32%|███▏      | 301/936 [02:12<04:44,  2.23it/s]
 32%|███▏      | 302/936 [02:13<04:10,  2.53it/s]
 32%|███▏      | 303/936 [02:13<05:18,  1.98it/s]
 32%|███▏      | 304/936 [02:14<04:32,  2.32it/s]
 33%|███▎      | 305/936 [02:14<05:05,  2.07it/s]
 33%|███▎      | 306/936 [02:15<04:24,  2.38it/s]
 33%|███▎      | 307/936 [02:15<04:32,  2.30it/s]
 33%|███▎      | 308/936 [02:15<04:03,  2.58it/s]
 33%|███▎      | 309/936 [02:16<04:23,  2.38it/s]
 33%|███▎      | 310/936 [02:16<03:57,  2.64it/s]
 33%|███▎      | 311/936 [02:17<04:33,  2.28it/s]
 33%|███▎      | 312/936 [02:17<04:02,  2.57it/s]
 33%|███▎      | 313/936 [02:18<05:05,  2.04it/s]
 34%|███▎      | 314/936 [02:18<04:24,  2.35it/s]
 34%|███▎      | 315/936 [02:19<04:59,  2.07it/s]
 34%|███▍      | 316/936 [02:19<04:20,  2.38it/s]
 34%|███▍      | 317/936 [02:20<05:09,  2.00it/s]
 34%|███▍      | 318/936 [02:20<04:25,  2.33it/s]
 34%|███▍      | 319/936 [02:20<04:54,  2.10it/s]
 34%|███▍      | 320/936 [02:21<04:18,  2.39it/s]
 34%|███▍      | 321/936 [02:21<04:38,  2.21it/s]
 34%|███▍      | 322/936 [02:21<04:03,  2.52it/s]
 35%|███▍      | 323/936 [02:22<04:52,  2.10it/s]
 35%|███▍      | 324/936 [02:22<04:14,  2.41it/s]
 35%|███▍      | 325/936 [02:23<04:37,  2.20it/s]
 35%|███▍      | 326/936 [02:23<04:06,  2.47it/s]
 35%|███▍      | 327/936 [02:24<04:47,  2.12it/s]
 35%|███▌      | 328/936 [02:24<04:09,  2.44it/s]
 35%|███▌      | 329/936 [02:25<06:44,  1.50it/s]
 35%|███▌      | 330/936 [02:26<05:32,  1.82it/s]
 35%|███▌      | 331/936 [02:26<05:33,  1.82it/s]
 35%|███▌      | 332/936 [02:26<04:43,  2.13it/s]
 36%|███▌      | 333/936 [02:27<04:55,  2.04it/s]
 36%|███▌      | 334/936 [02:27<04:14,  2.36it/s]
 36%|███▌      | 335/936 [02:28<04:19,  2.32it/s]
 36%|███▌      | 336/936 [02:28<03:49,  2.61it/s]
 36%|███▌      | 337/936 [02:29<04:19,  2.31it/s]
 36%|███▌      | 338/936 [02:29<04:02,  2.47it/s]
 36%|███▌      | 339/936 [02:29<04:11,  2.37it/s]
 36%|███▋      | 340/936 [02:30<04:34,  2.17it/s]
 36%|███▋      | 341/936 [02:30<04:01,  2.46it/s]
 37%|███▋      | 342/936 [02:31<04:30,  2.19it/s]
 37%|███▋      | 343/936 [02:31<03:57,  2.49it/s]
 37%|███▋      | 344/936 [02:32<04:27,  2.21it/s]
 37%|███▋      | 345/936 [02:32<03:54,  2.52it/s]
 37%|███▋      | 346/936 [02:32<04:17,  2.29it/s]
 37%|███▋      | 347/936 [02:33<03:49,  2.57it/s]
 37%|███▋      | 348/936 [02:33<04:04,  2.40it/s]
 37%|███▋      | 349/936 [02:33<03:39,  2.67it/s]
 37%|███▋      | 350/936 [02:34<04:32,  2.15it/s]
 38%|███▊      | 351/936 [02:34<03:57,  2.46it/s]
 38%|███▊      | 352/936 [02:35<04:42,  2.07it/s]
 38%|███▊      | 353/936 [02:35<04:05,  2.38it/s]
 38%|███▊      | 354/936 [02:36<04:43,  2.05it/s]
 38%|███▊      | 355/936 [02:36<04:06,  2.36it/s]
 38%|███▊      | 356/936 [02:37<04:34,  2.11it/s]
 38%|███▊      | 357/936 [02:37<04:01,  2.40it/s]
 38%|███▊      | 358/936 [02:38<04:29,  2.15it/s]
 38%|███▊      | 359/936 [02:38<03:55,  2.45it/s]
 38%|███▊      | 360/936 [02:38<04:16,  2.24it/s]
 39%|███▊      | 361/936 [02:39<03:45,  2.55it/s]
 39%|███▊      | 362/936 [02:39<04:19,  2.22it/s]
 39%|███▉      | 363/936 [02:40<03:48,  2.51it/s]
 39%|███▉      | 364/936 [02:40<04:34,  2.09it/s]
 39%|███▉      | 365/936 [02:41<03:58,  2.39it/s]
 39%|███▉      | 366/936 [02:41<04:27,  2.13it/s]
 39%|███▉      | 367/936 [02:41<03:55,  2.42it/s]
 39%|███▉      | 368/936 [02:42<04:44,  1.99it/s]
 39%|███▉      | 369/936 [02:42<04:05,  2.31it/s]
 40%|███▉      | 370/936 [02:43<04:22,  2.15it/s]
 40%|███▉      | 371/936 [02:43<03:49,  2.47it/s]
 40%|███▉      | 372/936 [02:44<03:59,  2.36it/s]
 40%|███▉      | 373/936 [02:44<03:32,  2.64it/s]
 40%|███▉      | 374/936 [02:44<03:50,  2.43it/s]
 40%|████      | 375/936 [02:45<03:28,  2.69it/s]
 40%|████      | 376/936 [02:45<04:24,  2.12it/s]
 40%|████      | 377/936 [02:46<03:50,  2.42it/s]
 40%|████      | 378/936 [02:46<04:30,  2.06it/s]
 40%|████      | 379/936 [02:47<03:57,  2.34it/s]
 41%|████      | 380/936 [02:47<04:17,  2.16it/s]
 41%|████      | 381/936 [02:47<03:46,  2.46it/s]
 41%|████      | 382/936 [02:48<04:10,  2.22it/s]
 41%|████      | 383/936 [02:48<03:39,  2.52it/s]
 41%|████      | 384/936 [02:49<04:27,  2.06it/s]
 41%|████      | 385/936 [02:49<03:51,  2.38it/s]
 41%|████      | 386/936 [02:50<04:05,  2.24it/s]
 41%|████▏     | 387/936 [02:50<03:37,  2.52it/s]
 41%|████▏     | 388/936 [02:51<04:21,  2.10it/s]
 42%|████▏     | 389/936 [02:51<03:46,  2.42it/s]
 42%|████▏     | 390/936 [02:52<04:55,  1.85it/s]
 42%|████▏     | 391/936 [02:52<04:12,  2.16it/s]
 42%|████▏     | 392/936 [02:53<04:19,  2.10it/s]
 42%|████▏     | 393/936 [02:53<03:46,  2.40it/s]
 42%|████▏     | 394/936 [02:54<04:46,  1.89it/s]
 42%|████▏     | 395/936 [02:54<04:06,  2.20it/s]
 42%|████▏     | 396/936 [02:54<04:18,  2.09it/s]
 42%|████▏     | 397/936 [02:55<03:46,  2.38it/s]
 43%|████▎     | 398/936 [02:55<04:24,  2.03it/s]
 43%|████▎     | 399/936 [02:56<03:46,  2.37it/s]
 43%|████▎     | 400/936 [02:56<04:12,  2.12it/s]
 43%|████▎     | 401/936 [02:57<03:41,  2.41it/s]
 43%|████▎     | 402/936 [02:57<03:50,  2.32it/s]
 43%|████▎     | 403/936 [02:57<03:24,  2.61it/s]
 43%|████▎     | 404/936 [02:58<03:40,  2.41it/s]
 43%|████▎     | 405/936 [02:58<03:16,  2.70it/s]
 43%|████▎     | 406/936 [02:59<03:33,  2.49it/s]
 43%|████▎     | 407/936 [02:59<03:23,  2.60it/s]
 44%|████▎     | 408/936 [02:59<03:40,  2.40it/s]
 44%|████▎     | 409/936 [03:00<03:17,  2.67it/s]
 44%|████▍     | 410/936 [03:00<03:33,  2.46it/s]
 44%|████▍     | 411/936 [03:01<03:38,  2.40it/s]
 44%|████▍     | 412/936 [03:01<04:30,  1.94it/s]
 44%|████▍     | 413/936 [03:02<03:51,  2.26it/s]
 44%|████▍     | 414/936 [03:02<03:59,  2.18it/s]
 44%|████▍     | 415/936 [03:02<03:34,  2.43it/s]
 44%|████▍     | 416/936 [03:03<03:51,  2.25it/s]
 45%|████▍     | 417/936 [03:03<03:23,  2.55it/s]
 45%|████▍     | 418/936 [03:04<03:55,  2.20it/s]
 45%|████▍     | 419/936 [03:04<03:25,  2.52it/s]
 45%|████▍     | 420/936 [03:05<03:57,  2.17it/s]
 45%|████▍     | 421/936 [03:05<03:31,  2.44it/s]
 45%|████▌     | 422/936 [03:05<03:51,  2.22it/s]
 45%|████▌     | 423/936 [03:06<03:21,  2.55it/s]
 45%|████▌     | 424/936 [03:07<04:35,  1.86it/s]
 45%|████▌     | 425/936 [03:07<03:54,  2.18it/s]
 46%|████▌     | 426/936 [03:07<04:13,  2.01it/s]
 46%|████▌     | 427/936 [03:08<03:36,  2.35it/s]
 46%|████▌     | 428/936 [03:08<04:15,  1.99it/s]
 46%|████▌     | 429/936 [03:09<03:40,  2.30it/s]
 46%|████▌     | 430/936 [03:09<03:51,  2.19it/s]
 46%|████▌     | 431/936 [03:09<03:23,  2.48it/s]
 46%|████▌     | 432/936 [03:10<04:16,  1.97it/s]
 46%|████▋     | 433/936 [03:11<03:38,  2.30it/s]
 46%|████▋     | 434/936 [03:11<03:49,  2.19it/s]
 46%|████▋     | 435/936 [03:11<03:20,  2.50it/s]
 47%|████▋     | 436/936 [03:12<03:39,  2.27it/s]
 47%|████▋     | 437/936 [03:12<03:15,  2.56it/s]
 47%|████▋     | 438/936 [03:13<03:43,  2.23it/s]
 47%|████▋     | 439/936 [03:13<03:15,  2.54it/s]
 47%|████▋     | 440/936 [03:13<03:35,  2.30it/s]
 47%|████▋     | 441/936 [03:14<03:11,  2.59it/s]
 47%|████▋     | 442/936 [03:14<03:39,  2.26it/s]
 47%|████▋     | 443/936 [03:15<03:14,  2.53it/s]
 47%|████▋     | 444/936 [03:15<03:34,  2.29it/s]
 48%|████▊     | 445/936 [03:15<03:09,  2.59it/s]
 48%|████▊     | 446/936 [03:16<03:48,  2.15it/s]
 48%|████▊     | 447/936 [03:16<03:21,  2.43it/s]
 48%|████▊     | 448/936 [03:17<03:27,  2.35it/s]
 48%|████▊     | 449/936 [03:17<03:05,  2.62it/s]
 48%|████▊     | 450/936 [03:18<03:26,  2.35it/s]
 48%|████▊     | 451/936 [03:18<03:05,  2.62it/s]
 48%|████▊     | 452/936 [03:18<03:16,  2.46it/s]
 48%|████▊     | 453/936 [03:19<02:58,  2.71it/s]
 49%|████▊     | 454/936 [03:19<03:21,  2.39it/s]
 49%|████▊     | 455/936 [03:19<03:00,  2.66it/s]
 49%|████▊     | 456/936 [03:20<03:32,  2.26it/s]
 49%|████▉     | 457/936 [03:20<03:07,  2.56it/s]
 49%|████▉     | 458/936 [03:21<03:17,  2.43it/s]
 49%|████▉     | 459/936 [03:21<02:56,  2.71it/s]
 49%|████▉     | 460/936 [03:22<03:18,  2.40it/s]
 49%|████▉     | 461/936 [03:22<02:58,  2.67it/s]
 49%|████▉     | 462/936 [03:22<03:25,  2.31it/s]
 49%|████▉     | 463/936 [03:23<03:00,  2.62it/s]
 50%|████▉     | 464/936 [03:23<03:13,  2.44it/s]
 50%|████▉     | 465/936 [03:23<03:00,  2.61it/s]
 50%|████▉     | 466/936 [03:24<03:20,  2.35it/s]
 50%|████▉     | 467/936 [03:24<02:57,  2.65it/s]
 50%|█████     | 468/936 [03:25<03:17,  2.36it/s]
 50%|█████     | 469/936 [03:25<03:08,  2.48it/s]
 50%|█████     | 470/936 [03:26<03:52,  2.00it/s]
 50%|█████     | 471/936 [03:26<03:21,  2.31it/s]
 50%|█████     | 472/936 [03:27<03:57,  1.96it/s]
 51%|█████     | 473/936 [03:27<03:24,  2.27it/s]
 51%|█████     | 474/936 [03:28<03:41,  2.09it/s]
 51%|█████     | 475/936 [03:28<03:11,  2.40it/s]
 51%|█████     | 476/936 [03:28<03:16,  2.34it/s]
 51%|█████     | 477/936 [03:29<02:54,  2.63it/s]
 51%|█████     | 478/936 [03:29<03:20,  2.28it/s]
 51%|█████     | 479/936 [03:30<02:57,  2.57it/s]
 51%|█████▏    | 480/936 [03:30<03:14,  2.35it/s]
 51%|█████▏    | 481/936 [03:30<02:52,  2.64it/s]
 51%|█████▏    | 482/936 [03:31<03:35,  2.10it/s]
 52%|█████▏    | 483/936 [03:31<03:09,  2.39it/s]
 52%|█████▏    | 484/936 [03:32<03:23,  2.22it/s]
 52%|█████▏    | 485/936 [03:32<02:59,  2.52it/s]
 52%|█████▏    | 486/936 [03:33<03:06,  2.41it/s]
 52%|█████▏    | 487/936 [03:33<02:46,  2.69it/s]
 52%|█████▏    | 488/936 [03:33<03:07,  2.39it/s]
 52%|█████▏    | 489/936 [03:34<02:46,  2.68it/s]
 52%|█████▏    | 490/936 [03:34<03:11,  2.33it/s]
 52%|█████▏    | 491/936 [03:34<02:50,  2.62it/s]
 53%|█████▎    | 492/936 [03:35<03:06,  2.38it/s]
 53%|█████▎    | 493/936 [03:35<02:47,  2.65it/s]
 53%|█████▎    | 494/936 [03:36<03:08,  2.34it/s]
 53%|█████▎    | 495/936 [03:36<02:46,  2.65it/s]
 53%|█████▎    | 496/936 [03:37<03:05,  2.37it/s]
 53%|█████▎    | 497/936 [03:37<02:46,  2.63it/s]
 53%|█████▎    | 498/936 [03:37<03:11,  2.29it/s]
 53%|█████▎    | 499/936 [03:38<02:49,  2.57it/s]
 53%|█████▎    | 500/936 [03:38<03:15,  2.24it/s]
 54%|█████▎    | 501/936 [03:39<02:53,  2.51it/s]
 54%|█████▎    | 502/936 [03:39<03:06,  2.33it/s]
 54%|█████▎    | 503/936 [03:39<02:44,  2.63it/s]
 54%|█████▍    | 504/936 [03:40<03:07,  2.30it/s]
 54%|█████▍    | 505/936 [03:40<02:46,  2.58it/s]
 54%|█████▍    | 506/936 [03:41<03:12,  2.23it/s]
 54%|█████▍    | 507/936 [03:41<02:50,  2.52it/s]
 54%|█████▍    | 508/936 [03:42<03:11,  2.24it/s]
 54%|█████▍    | 509/936 [03:42<02:47,  2.54it/s]
 54%|█████▍    | 510/936 [03:42<03:06,  2.28it/s]
 55%|█████▍    | 511/936 [03:43<02:44,  2.59it/s]
 55%|█████▍    | 512/936 [03:43<03:22,  2.09it/s]
 55%|█████▍    | 513/936 [03:44<02:56,  2.39it/s]
 55%|█████▍    | 514/936 [03:44<03:24,  2.06it/s]
 55%|█████▌    | 515/936 [03:45<02:59,  2.34it/s]
 55%|█████▌    | 516/936 [03:45<03:15,  2.15it/s]
 55%|█████▌    | 517/936 [03:45<02:51,  2.44it/s]
 55%|█████▌    | 518/936 [03:46<02:56,  2.36it/s]
 55%|█████▌    | 519/936 [03:46<02:37,  2.64it/s]
 56%|█████▌    | 520/936 [03:47<03:08,  2.21it/s]
 56%|█████▌    | 521/936 [03:47<02:57,  2.34it/s]
 56%|█████▌    | 522/936 [03:48<03:07,  2.20it/s]
 56%|█████▌    | 523/936 [03:48<03:02,  2.27it/s]
 56%|█████▌    | 524/936 [03:48<02:55,  2.35it/s]
 56%|█████▌    | 525/936 [03:49<02:58,  2.30it/s]
 56%|█████▌    | 526/936 [03:49<02:40,  2.56it/s]
 56%|█████▋    | 527/936 [03:50<02:58,  2.29it/s]
 56%|█████▋    | 528/936 [03:50<03:04,  2.21it/s]
 57%|█████▋    | 529/936 [03:50<02:40,  2.53it/s]
 57%|█████▋    | 530/936 [03:51<03:00,  2.26it/s]
 57%|█████▋    | 531/936 [03:51<02:39,  2.54it/s]
 57%|█████▋    | 532/936 [03:52<02:54,  2.32it/s]
 57%|█████▋    | 533/936 [03:52<02:35,  2.60it/s]
 57%|█████▋    | 534/936 [03:53<02:56,  2.28it/s]
 57%|█████▋    | 535/936 [03:53<02:46,  2.40it/s]
 57%|█████▋    | 536/936 [03:54<03:03,  2.18it/s]
 57%|█████▋    | 537/936 [03:54<02:39,  2.50it/s]
 57%|█████▋    | 538/936 [03:54<02:59,  2.21it/s]
 58%|█████▊    | 539/936 [03:55<02:38,  2.50it/s]
 58%|█████▊    | 540/936 [03:55<03:06,  2.13it/s]
 58%|█████▊    | 541/936 [03:56<02:42,  2.43it/s]
 58%|█████▊    | 542/936 [03:56<03:00,  2.18it/s]
 58%|█████▊    | 543/936 [03:56<02:39,  2.47it/s]
 58%|█████▊    | 544/936 [03:57<02:59,  2.19it/s]
 58%|█████▊    | 545/936 [03:57<02:38,  2.47it/s]
 58%|█████▊    | 546/936 [03:58<02:40,  2.43it/s]
 58%|█████▊    | 547/936 [03:58<02:22,  2.72it/s]
 59%|█████▊    | 548/936 [03:59<02:41,  2.41it/s]
 59%|█████▊    | 549/936 [03:59<02:24,  2.68it/s]
 59%|█████▉    | 550/936 [03:59<02:45,  2.34it/s]
 59%|█████▉    | 551/936 [04:00<02:31,  2.53it/s]
 59%|█████▉    | 552/936 [04:00<02:38,  2.42it/s]
 59%|█████▉    | 553/936 [04:01<02:31,  2.54it/s]
 59%|█████▉    | 554/936 [04:01<02:35,  2.46it/s]
 59%|█████▉    | 555/936 [04:02<03:02,  2.09it/s]
 59%|█████▉    | 556/936 [04:02<02:37,  2.41it/s]
 60%|█████▉    | 557/936 [04:02<03:02,  2.07it/s]
 60%|█████▉    | 558/936 [04:03<02:37,  2.40it/s]
 60%|█████▉    | 559/936 [04:03<02:41,  2.34it/s]
 60%|█████▉    | 560/936 [04:03<02:23,  2.63it/s]
 60%|█████▉    | 561/936 [04:04<02:38,  2.37it/s]
 60%|██████    | 562/936 [04:04<02:20,  2.66it/s]
 60%|██████    | 563/936 [04:05<02:39,  2.34it/s]
 60%|██████    | 564/936 [04:05<02:21,  2.63it/s]
 60%|██████    | 565/936 [04:06<02:40,  2.31it/s]
 60%|██████    | 566/936 [04:06<02:22,  2.59it/s]
 61%|██████    | 567/936 [04:06<02:40,  2.30it/s]
 61%|██████    | 568/936 [04:07<02:21,  2.61it/s]
 61%|██████    | 569/936 [04:07<02:50,  2.15it/s]
 61%|██████    | 570/936 [04:08<02:30,  2.43it/s]
 61%|██████    | 571/936 [04:08<02:44,  2.22it/s]
 61%|██████    | 572/936 [04:08<02:22,  2.55it/s]
 61%|██████    | 573/936 [04:09<02:49,  2.15it/s]
 61%|██████▏   | 574/936 [04:09<02:27,  2.46it/s]
 61%|██████▏   | 575/936 [04:10<02:36,  2.30it/s]
 62%|██████▏   | 576/936 [04:10<02:18,  2.60it/s]
 62%|██████▏   | 577/936 [04:11<02:44,  2.18it/s]
 62%|██████▏   | 578/936 [04:11<02:24,  2.48it/s]
 62%|██████▏   | 579/936 [04:11<02:26,  2.43it/s]
 62%|██████▏   | 580/936 [04:12<02:12,  2.69it/s]
 62%|██████▏   | 581/936 [04:13<02:53,  2.05it/s]
 62%|██████▏   | 582/936 [04:13<02:30,  2.35it/s]
 62%|██████▏   | 583/936 [04:13<02:53,  2.04it/s]
 62%|██████▏   | 584/936 [04:14<02:32,  2.30it/s]
 62%|██████▎   | 585/936 [04:14<02:34,  2.27it/s]
 63%|██████▎   | 586/936 [04:14<02:17,  2.55it/s]
 63%|██████▎   | 587/936 [04:15<02:39,  2.19it/s]
 63%|██████▎   | 588/936 [04:15<02:18,  2.51it/s]
 63%|██████▎   | 589/936 [04:16<02:26,  2.36it/s]
 63%|██████▎   | 590/936 [04:16<02:11,  2.62it/s]
 63%|██████▎   | 591/936 [04:17<02:27,  2.34it/s]
 63%|██████▎   | 592/936 [04:17<02:11,  2.62it/s]
 63%|██████▎   | 593/936 [04:18<02:40,  2.14it/s]
 63%|██████▎   | 594/936 [04:18<02:19,  2.45it/s]
 64%|██████▎   | 595/936 [04:19<02:42,  2.09it/s]
 64%|██████▎   | 596/936 [04:19<02:22,  2.38it/s]
 64%|██████▍   | 597/936 [04:19<02:35,  2.18it/s]
 64%|██████▍   | 598/936 [04:20<02:17,  2.45it/s]
 64%|██████▍   | 599/936 [04:20<02:31,  2.22it/s]
 64%|██████▍   | 600/936 [04:20<02:14,  2.49it/s]
 64%|██████▍   | 601/936 [04:21<02:28,  2.25it/s]
 64%|██████▍   | 602/936 [04:21<02:12,  2.52it/s]
 64%|██████▍   | 603/936 [04:22<02:36,  2.13it/s]
 65%|██████▍   | 604/936 [04:22<02:17,  2.41it/s]
 65%|██████▍   | 605/936 [04:23<02:25,  2.27it/s]
 65%|██████▍   | 606/936 [04:23<02:09,  2.54it/s]
 65%|██████▍   | 607/936 [04:24<02:25,  2.26it/s]
 65%|██████▍   | 608/936 [04:24<02:09,  2.54it/s]
 65%|██████▌   | 609/936 [04:25<03:10,  1.72it/s]
 65%|██████▌   | 610/936 [04:25<02:43,  1.99it/s]
 65%|██████▌   | 611/936 [04:26<03:07,  1.73it/s]
 65%|██████▌   | 612/936 [04:26<02:38,  2.05it/s]
 65%|██████▌   | 613/936 [04:27<02:45,  1.95it/s]
 66%|██████▌   | 614/936 [04:27<02:23,  2.24it/s]
 66%|██████▌   | 615/936 [04:28<02:26,  2.19it/s]
 66%|██████▌   | 616/936 [04:28<02:08,  2.49it/s]
 66%|██████▌   | 617/936 [04:28<02:28,  2.14it/s]
 66%|██████▌   | 618/936 [04:29<02:11,  2.43it/s]
 66%|██████▌   | 619/936 [04:29<02:29,  2.13it/s]
 66%|██████▌   | 620/936 [04:30<02:09,  2.45it/s]
 66%|██████▋   | 621/936 [04:30<02:22,  2.21it/s]
 66%|██████▋   | 622/936 [04:30<02:05,  2.51it/s]
 67%|██████▋   | 623/936 [04:31<02:44,  1.90it/s]
 67%|██████▋   | 624/936 [04:32<02:20,  2.22it/s]
 67%|██████▋   | 625/936 [04:32<02:23,  2.17it/s]
 67%|██████▋   | 626/936 [04:32<02:04,  2.48it/s]
 67%|██████▋   | 627/936 [04:33<02:12,  2.34it/s]
 67%|██████▋   | 628/936 [04:33<01:56,  2.65it/s]
 67%|██████▋   | 629/936 [04:34<02:08,  2.38it/s]
 67%|██████▋   | 630/936 [04:34<01:56,  2.63it/s]
 67%|██████▋   | 631/936 [04:34<02:11,  2.32it/s]
 68%|██████▊   | 632/936 [04:35<01:57,  2.59it/s]
 68%|██████▊   | 633/936 [04:35<02:03,  2.46it/s]
 68%|██████▊   | 634/936 [04:35<01:50,  2.73it/s]
 68%|██████▊   | 635/936 [04:36<02:05,  2.40it/s]
 68%|██████▊   | 636/936 [04:36<01:52,  2.66it/s]
 68%|██████▊   | 637/936 [04:37<02:07,  2.34it/s]
 68%|██████▊   | 638/936 [04:37<01:54,  2.61it/s]
 68%|██████▊   | 639/936 [04:38<02:07,  2.34it/s]
 68%|██████▊   | 640/936 [04:38<01:52,  2.63it/s]
 68%|██████▊   | 641/936 [04:38<02:04,  2.37it/s]
 69%|██████▊   | 642/936 [04:39<01:51,  2.64it/s]
 69%|██████▊   | 643/936 [04:39<02:07,  2.30it/s]
 69%|██████▉   | 644/936 [04:39<01:52,  2.60it/s]
 69%|██████▉   | 645/936 [04:40<02:06,  2.30it/s]
 69%|██████▉   | 646/936 [04:40<01:52,  2.59it/s]
 69%|██████▉   | 647/936 [04:41<02:12,  2.18it/s]
 69%|██████▉   | 648/936 [04:41<01:56,  2.47it/s]
 69%|██████▉   | 649/936 [04:42<02:02,  2.34it/s]
 69%|██████▉   | 650/936 [04:42<01:48,  2.63it/s]
 70%|██████▉   | 651/936 [04:43<02:10,  2.18it/s]
 70%|██████▉   | 652/936 [04:43<01:54,  2.49it/s]
 70%|██████▉   | 653/936 [04:43<02:02,  2.31it/s]
 70%|██████▉   | 654/936 [04:44<01:53,  2.49it/s]
 70%|██████▉   | 655/936 [04:44<01:50,  2.55it/s]
 70%|███████   | 656/936 [04:45<01:54,  2.45it/s]
 70%|███████   | 657/936 [04:45<01:46,  2.61it/s]
 70%|███████   | 658/936 [04:45<01:59,  2.33it/s]
 70%|███████   | 659/936 [04:46<01:52,  2.46it/s]
 71%|███████   | 660/936 [04:46<01:55,  2.40it/s]
 71%|███████   | 661/936 [04:47<02:06,  2.17it/s]
 71%|███████   | 662/936 [04:47<01:51,  2.46it/s]
 71%|███████   | 663/936 [04:47<01:54,  2.37it/s]
 71%|███████   | 664/936 [04:48<01:42,  2.65it/s]
 71%|███████   | 665/936 [04:48<01:54,  2.37it/s]
 71%|███████   | 666/936 [04:49<01:42,  2.63it/s]
 71%|███████▏  | 667/936 [04:49<01:48,  2.47it/s]
 71%|███████▏  | 668/936 [04:49<01:47,  2.49it/s]
 71%|███████▏  | 669/936 [04:50<01:49,  2.44it/s]
 72%|███████▏  | 670/936 [04:50<01:47,  2.47it/s]
 72%|███████▏  | 671/936 [04:51<01:54,  2.31it/s]
 72%|███████▏  | 672/936 [04:51<01:50,  2.39it/s]
 72%|███████▏  | 673/936 [04:51<01:43,  2.53it/s]
 72%|███████▏  | 674/936 [04:52<01:47,  2.45it/s]
 72%|███████▏  | 675/936 [04:52<01:43,  2.53it/s]
 72%|███████▏  | 676/936 [04:53<01:47,  2.41it/s]
 72%|███████▏  | 677/936 [04:53<01:42,  2.52it/s]
 72%|███████▏  | 678/936 [04:54<01:46,  2.42it/s]
 73%|███████▎  | 679/936 [04:54<01:39,  2.59it/s]
 73%|███████▎  | 680/936 [04:54<01:45,  2.43it/s]
 73%|███████▎  | 681/936 [04:55<01:45,  2.42it/s]
 73%|███████▎  | 682/936 [04:55<01:42,  2.48it/s]
 73%|███████▎  | 683/936 [04:56<01:49,  2.31it/s]
 73%|███████▎  | 684/936 [04:56<01:37,  2.58it/s]
 73%|███████▎  | 685/936 [04:57<01:54,  2.19it/s]
 73%|███████▎  | 686/936 [04:57<01:40,  2.49it/s]
 73%|███████▎  | 687/936 [04:57<01:45,  2.35it/s]
 74%|███████▎  | 688/936 [04:58<01:34,  2.63it/s]
 74%|███████▎  | 689/936 [04:58<01:40,  2.46it/s]
 74%|███████▎  | 690/936 [04:58<01:30,  2.71it/s]
 74%|███████▍  | 691/936 [04:59<01:39,  2.46it/s]
 74%|███████▍  | 692/936 [04:59<01:29,  2.74it/s]
 74%|███████▍  | 693/936 [05:00<01:44,  2.32it/s]
 74%|███████▍  | 694/936 [05:00<01:33,  2.58it/s]
 74%|███████▍  | 695/936 [05:00<01:40,  2.40it/s]
 74%|███████▍  | 696/936 [05:01<01:29,  2.68it/s]
 74%|███████▍  | 697/936 [05:01<01:47,  2.22it/s]
 75%|███████▍  | 698/936 [05:02<01:34,  2.52it/s]
 75%|███████▍  | 699/936 [05:02<01:39,  2.37it/s]
 75%|███████▍  | 700/936 [05:02<01:29,  2.65it/s]
 75%|███████▍  | 701/936 [05:03<01:37,  2.41it/s]
 75%|███████▌  | 702/936 [05:03<01:27,  2.69it/s]
 75%|███████▌  | 703/936 [05:04<01:37,  2.38it/s]
 75%|███████▌  | 704/936 [05:04<01:27,  2.64it/s]
 75%|███████▌  | 705/936 [05:04<01:37,  2.36it/s]
 75%|███████▌  | 706/936 [05:05<01:27,  2.64it/s]
 76%|███████▌  | 707/936 [05:05<01:35,  2.39it/s]
 76%|███████▌  | 708/936 [05:06<01:25,  2.66it/s]
 76%|███████▌  | 709/936 [05:06<01:29,  2.53it/s]
 76%|███████▌  | 710/936 [05:06<01:20,  2.80it/s]
 76%|███████▌  | 711/936 [05:07<02:03,  1.82it/s]
 76%|███████▌  | 712/936 [05:07<01:45,  2.13it/s]
 76%|███████▌  | 713/936 [05:08<01:48,  2.06it/s]
 76%|███████▋  | 714/936 [05:08<01:33,  2.36it/s]
 76%|███████▋  | 715/936 [05:09<01:41,  2.18it/s]
 76%|███████▋  | 716/936 [05:09<01:28,  2.47it/s]
 77%|███████▋  | 717/936 [05:10<01:45,  2.08it/s]
 77%|███████▋  | 718/936 [05:10<01:30,  2.40it/s]
 77%|███████▋  | 719/936 [05:11<01:50,  1.97it/s]
 77%|███████▋  | 720/936 [05:11<01:34,  2.28it/s]
 77%|███████▋  | 721/936 [05:12<01:41,  2.12it/s]
 77%|███████▋  | 722/936 [05:12<01:28,  2.42it/s]
 77%|███████▋  | 723/936 [05:12<01:38,  2.15it/s]
 77%|███████▋  | 724/936 [05:13<01:26,  2.45it/s]
 77%|███████▋  | 725/936 [05:13<01:35,  2.20it/s]
 78%|███████▊  | 726/936 [05:14<01:24,  2.49it/s]
 78%|███████▊  | 727/936 [05:14<01:35,  2.20it/s]
 78%|███████▊  | 728/936 [05:14<01:23,  2.50it/s]
 78%|███████▊  | 729/936 [05:15<01:36,  2.13it/s]
 78%|███████▊  | 730/936 [05:15<01:24,  2.44it/s]
 78%|███████▊  | 731/936 [05:16<01:33,  2.20it/s]
 78%|███████▊  | 732/936 [05:16<01:21,  2.50it/s]
 78%|███████▊  | 733/936 [05:17<01:25,  2.36it/s]
 78%|███████▊  | 734/936 [05:17<01:17,  2.62it/s]
 79%|███████▊  | 735/936 [05:18<01:33,  2.14it/s]
 79%|███████▊  | 736/936 [05:18<01:22,  2.42it/s]
 79%|███████▊  | 737/936 [05:18<01:33,  2.14it/s]
 79%|███████▉  | 738/936 [05:19<01:20,  2.45it/s]
 79%|███████▉  | 739/936 [05:19<01:29,  2.20it/s]
 79%|███████▉  | 740/936 [05:20<01:18,  2.50it/s]
 79%|███████▉  | 741/936 [05:20<01:28,  2.21it/s]
 79%|███████▉  | 742/936 [05:20<01:17,  2.52it/s]
 79%|███████▉  | 743/936 [05:21<01:21,  2.38it/s]
 79%|███████▉  | 744/936 [05:21<01:12,  2.64it/s]
 80%|███████▉  | 745/936 [05:22<01:31,  2.10it/s]
 80%|███████▉  | 746/936 [05:22<01:18,  2.42it/s]
 80%|███████▉  | 747/936 [05:23<01:27,  2.17it/s]
 80%|███████▉  | 748/936 [05:23<01:15,  2.48it/s]
 80%|████████  | 749/936 [05:24<01:28,  2.12it/s]
 80%|████████  | 750/936 [05:24<01:17,  2.41it/s]
 80%|████████  | 751/936 [05:24<01:20,  2.31it/s]
 80%|████████  | 752/936 [05:25<01:11,  2.59it/s]
 80%|████████  | 753/936 [05:25<01:27,  2.09it/s]
 81%|████████  | 754/936 [05:26<01:15,  2.42it/s]
 81%|████████  | 755/936 [05:26<01:28,  2.05it/s]
 81%|████████  | 756/936 [05:27<01:16,  2.36it/s]
 81%|████████  | 757/936 [05:27<01:23,  2.15it/s]
 81%|████████  | 758/936 [05:27<01:11,  2.48it/s]
 81%|████████  | 759/936 [05:29<01:55,  1.53it/s]
 81%|████████  | 760/936 [05:29<01:34,  1.86it/s]
 81%|████████▏ | 761/936 [05:30<01:42,  1.71it/s]
 81%|████████▏ | 762/936 [05:30<01:24,  2.05it/s]
 82%|████████▏ | 763/936 [05:31<01:44,  1.65it/s]
 82%|████████▏ | 764/936 [05:31<01:26,  1.99it/s]
 82%|████████▏ | 765/936 [05:32<01:37,  1.75it/s]
 82%|████████▏ | 766/936 [05:32<01:22,  2.06it/s]
 82%|████████▏ | 767/936 [05:33<01:28,  1.91it/s]
 82%|████████▏ | 768/936 [05:33<01:15,  2.22it/s]
 82%|████████▏ | 769/936 [05:34<01:30,  1.85it/s]
 82%|████████▏ | 770/936 [05:34<01:16,  2.18it/s]
 82%|████████▏ | 771/936 [05:35<01:30,  1.82it/s]
 82%|████████▏ | 772/936 [05:35<01:16,  2.15it/s]
 83%|████████▎ | 773/936 [05:36<01:41,  1.61it/s]
 83%|████████▎ | 774/936 [05:36<01:23,  1.94it/s]
 83%|████████▎ | 775/936 [05:37<01:22,  1.94it/s]
 83%|████████▎ | 776/936 [05:37<01:10,  2.26it/s]
 83%|████████▎ | 777/936 [05:38<01:23,  1.91it/s]
 83%|████████▎ | 778/936 [05:38<01:11,  2.21it/s]
 83%|████████▎ | 779/936 [05:39<01:16,  2.06it/s]
 83%|████████▎ | 780/936 [05:39<01:06,  2.36it/s]
 83%|████████▎ | 781/936 [05:39<01:09,  2.22it/s]
 84%|████████▎ | 782/936 [05:40<01:01,  2.51it/s]
 84%|████████▎ | 783/936 [05:40<01:11,  2.13it/s]
 84%|████████▍ | 784/936 [05:41<01:02,  2.42it/s]
 84%|████████▍ | 785/936 [05:41<01:05,  2.32it/s]
 84%|████████▍ | 786/936 [05:41<00:57,  2.61it/s]
 84%|████████▍ | 787/936 [05:42<01:12,  2.05it/s]
 84%|████████▍ | 788/936 [05:42<01:02,  2.36it/s]
 84%|████████▍ | 789/936 [05:43<01:06,  2.21it/s]
 84%|████████▍ | 790/936 [05:43<00:58,  2.50it/s]
 85%|████████▍ | 791/936 [05:44<01:01,  2.34it/s]
 85%|████████▍ | 792/936 [05:44<00:54,  2.62it/s]
 85%|████████▍ | 793/936 [05:44<01:03,  2.24it/s]
 85%|████████▍ | 794/936 [05:45<00:55,  2.56it/s]
 85%|████████▍ | 795/936 [05:45<01:03,  2.22it/s]
 85%|████████▌ | 796/936 [05:46<00:55,  2.52it/s]
 85%|████████▌ | 797/936 [05:46<01:07,  2.07it/s]
 85%|████████▌ | 798/936 [05:47<00:58,  2.37it/s]
 85%|████████▌ | 799/936 [05:47<01:01,  2.21it/s]
 85%|████████▌ | 800/936 [05:47<00:53,  2.54it/s]
 86%|████████▌ | 801/936 [05:48<00:59,  2.28it/s]
 86%|████████▌ | 802/936 [05:48<00:51,  2.59it/s]
 86%|████████▌ | 803/936 [05:49<00:54,  2.43it/s]
 86%|████████▌ | 804/936 [05:49<00:48,  2.71it/s]
 86%|████████▌ | 805/936 [05:50<01:00,  2.18it/s]
 86%|████████▌ | 806/936 [05:50<00:52,  2.47it/s]
 86%|████████▌ | 807/936 [05:50<00:58,  2.19it/s]
 86%|████████▋ | 808/936 [05:51<00:51,  2.51it/s]
 86%|████████▋ | 809/936 [05:51<01:00,  2.09it/s]
 87%|████████▋ | 810/936 [05:52<00:52,  2.41it/s]
 87%|████████▋ | 811/936 [05:52<00:58,  2.15it/s]
 87%|████████▋ | 812/936 [05:52<00:50,  2.47it/s]
 87%|████████▋ | 813/936 [05:53<00:59,  2.08it/s]
 87%|████████▋ | 814/936 [05:53<00:51,  2.39it/s]
 87%|████████▋ | 815/936 [05:54<00:54,  2.22it/s]
 87%|████████▋ | 816/936 [05:54<00:47,  2.51it/s]
 87%|████████▋ | 817/936 [05:55<00:52,  2.27it/s]
 87%|████████▋ | 818/936 [05:55<00:46,  2.54it/s]
 88%|████████▊ | 819/936 [05:55<00:48,  2.41it/s]
 88%|████████▊ | 820/936 [05:56<00:43,  2.65it/s]
 88%|████████▊ | 821/936 [05:56<00:47,  2.44it/s]
 88%|████████▊ | 822/936 [05:56<00:41,  2.73it/s]
 88%|████████▊ | 823/936 [05:57<00:46,  2.43it/s]
 88%|████████▊ | 824/936 [05:57<00:41,  2.73it/s]
 88%|████████▊ | 825/936 [05:58<00:49,  2.25it/s]
 88%|████████▊ | 826/936 [05:58<00:43,  2.55it/s]
 88%|████████▊ | 827/936 [05:59<00:45,  2.37it/s]
 88%|████████▊ | 828/936 [05:59<00:40,  2.67it/s]
 89%|████████▊ | 829/936 [05:59<00:43,  2.46it/s]
 89%|████████▊ | 830/936 [06:00<00:39,  2.72it/s]
 89%|████████▉ | 831/936 [06:00<00:51,  2.05it/s]
 89%|████████▉ | 832/936 [06:01<00:43,  2.38it/s]
 89%|████████▉ | 833/936 [06:01<00:47,  2.16it/s]
 89%|████████▉ | 834/936 [06:02<00:41,  2.46it/s]
 89%|████████▉ | 835/936 [06:02<00:41,  2.41it/s]
 89%|████████▉ | 836/936 [06:02<00:36,  2.71it/s]
 89%|████████▉ | 837/936 [06:03<00:43,  2.29it/s]
 90%|████████▉ | 838/936 [06:03<00:37,  2.59it/s]
 90%|████████▉ | 839/936 [06:04<00:45,  2.13it/s]
 90%|████████▉ | 840/936 [06:04<00:39,  2.44it/s]
 90%|████████▉ | 841/936 [06:05<00:43,  2.18it/s]
 90%|████████▉ | 842/936 [06:05<00:37,  2.47it/s]
 90%|█████████ | 843/936 [06:06<00:44,  2.08it/s]
 90%|█████████ | 844/936 [06:06<00:38,  2.38it/s]
 90%|█████████ | 845/936 [06:06<00:42,  2.13it/s]
 90%|█████████ | 846/936 [06:07<00:36,  2.44it/s]
 90%|█████████ | 847/936 [06:07<00:39,  2.27it/s]
 91%|█████████ | 848/936 [06:07<00:34,  2.54it/s]
 91%|█████████ | 849/936 [06:08<00:37,  2.30it/s]
 91%|█████████ | 850/936 [06:08<00:33,  2.55it/s]
 91%|█████████ | 851/936 [06:09<00:39,  2.18it/s]
 91%|█████████ | 852/936 [06:09<00:33,  2.48it/s]
 91%|█████████ | 853/936 [06:10<00:40,  2.07it/s]
 91%|█████████ | 854/936 [06:10<00:34,  2.36it/s]
 91%|█████████▏| 855/936 [06:11<00:38,  2.10it/s]
 91%|█████████▏| 856/936 [06:11<00:33,  2.42it/s]
 92%|█████████▏| 857/936 [06:11<00:35,  2.25it/s]
 92%|█████████▏| 858/936 [06:12<00:30,  2.53it/s]
 92%|█████████▏| 859/936 [06:12<00:32,  2.38it/s]
 92%|█████████▏| 860/936 [06:13<00:28,  2.65it/s]
 92%|█████████▏| 861/936 [06:13<00:33,  2.23it/s]
 92%|█████████▏| 862/936 [06:13<00:29,  2.49it/s]
 92%|█████████▏| 863/936 [06:14<00:32,  2.24it/s]
 92%|█████████▏| 864/936 [06:14<00:28,  2.49it/s]
 92%|█████████▏| 865/936 [06:15<00:30,  2.36it/s]
 93%|█████████▎| 866/936 [06:15<00:26,  2.67it/s]
 93%|█████████▎| 867/936 [06:16<00:32,  2.11it/s]
 93%|█████████▎| 868/936 [06:16<00:27,  2.43it/s]
 93%|█████████▎| 869/936 [06:17<00:33,  1.98it/s]
 93%|█████████▎| 870/936 [06:17<00:28,  2.28it/s]
 93%|█████████▎| 871/936 [06:18<00:31,  2.09it/s]
 93%|█████████▎| 872/936 [06:18<00:26,  2.44it/s]
 93%|█████████▎| 873/936 [06:18<00:27,  2.26it/s]
 93%|█████████▎| 874/936 [06:19<00:24,  2.56it/s]
 93%|█████████▎| 875/936 [06:19<00:30,  2.01it/s]
 94%|█████████▎| 876/936 [06:20<00:25,  2.33it/s]
 94%|█████████▎| 877/936 [06:20<00:27,  2.17it/s]
 94%|█████████▍| 878/936 [06:20<00:23,  2.46it/s]
 94%|█████████▍| 879/936 [06:21<00:23,  2.42it/s]
 94%|█████████▍| 880/936 [06:21<00:22,  2.47it/s]
 94%|█████████▍| 881/936 [06:22<00:23,  2.32it/s]
 94%|█████████▍| 882/936 [06:22<00:21,  2.52it/s]
 94%|█████████▍| 883/936 [06:23<00:25,  2.06it/s]
 94%|█████████▍| 884/936 [06:23<00:21,  2.37it/s]
 95%|█████████▍| 885/936 [06:24<00:25,  2.03it/s]
 95%|█████████▍| 886/936 [06:24<00:21,  2.34it/s]
 95%|█████████▍| 887/936 [06:25<00:23,  2.12it/s]
 95%|█████████▍| 888/936 [06:25<00:19,  2.44it/s]
 95%|█████████▍| 889/936 [06:25<00:22,  2.09it/s]
 95%|█████████▌| 890/936 [06:26<00:19,  2.41it/s]
 95%|█████████▌| 891/936 [06:26<00:21,  2.10it/s]
 95%|█████████▌| 892/936 [06:27<00:18,  2.42it/s]
 95%|█████████▌| 893/936 [06:27<00:19,  2.19it/s]
 96%|█████████▌| 894/936 [06:27<00:16,  2.51it/s]
 96%|█████████▌| 895/936 [06:28<00:19,  2.11it/s]
 96%|█████████▌| 896/936 [06:28<00:17,  2.33it/s]
 96%|█████████▌| 897/936 [06:29<00:17,  2.25it/s]
 96%|█████████▌| 898/936 [06:29<00:14,  2.55it/s]
 96%|█████████▌| 899/936 [06:30<00:17,  2.15it/s]
 96%|█████████▌| 900/936 [06:30<00:14,  2.47it/s]
 96%|█████████▋| 901/936 [06:31<00:16,  2.10it/s]
 96%|█████████▋| 902/936 [06:31<00:14,  2.39it/s]
 96%|█████████▋| 903/936 [06:32<00:15,  2.09it/s]
 97%|█████████▋| 904/936 [06:32<00:13,  2.39it/s]
 97%|█████████▋| 905/936 [06:32<00:14,  2.19it/s]
 97%|█████████▋| 906/936 [06:33<00:12,  2.49it/s]
 97%|█████████▋| 907/936 [06:33<00:13,  2.11it/s]
 97%|█████████▋| 908/936 [06:34<00:11,  2.44it/s]
 97%|█████████▋| 909/936 [06:34<00:14,  1.81it/s]
 97%|█████████▋| 910/936 [06:35<00:12,  2.12it/s]
 97%|█████████▋| 911/936 [06:35<00:11,  2.12it/s]
 97%|█████████▋| 912/936 [06:35<00:09,  2.45it/s]
 98%|█████████▊| 913/936 [06:36<00:12,  1.91it/s]
 98%|█████████▊| 914/936 [06:37<00:09,  2.22it/s]
 98%|█████████▊| 915/936 [06:37<00:10,  1.94it/s]
 98%|█████████▊| 916/936 [06:38<00:08,  2.26it/s]
 98%|█████████▊| 917/936 [06:38<00:09,  2.08it/s]
 98%|█████████▊| 918/936 [06:38<00:07,  2.38it/s]
 98%|█████████▊| 919/936 [06:39<00:07,  2.31it/s]
 98%|█████████▊| 920/936 [06:39<00:07,  2.18it/s]
 98%|█████████▊| 921/936 [06:40<00:06,  2.39it/s]
 99%|█████████▊| 922/936 [06:40<00:05,  2.33it/s]
 99%|█████████▊| 923/936 [06:41<00:06,  2.16it/s]
 99%|█████████▊| 924/936 [06:41<00:04,  2.48it/s]
 99%|█████████▉| 925/936 [06:41<00:04,  2.32it/s]
 99%|█████████▉| 926/936 [06:42<00:03,  2.64it/s]
 99%|█████████▉| 927/936 [06:42<00:03,  2.31it/s]
 99%|█████████▉| 928/936 [06:43<00:03,  2.35it/s]
 99%|█████████▉| 929/936 [06:43<00:03,  2.13it/s]
 99%|█████████▉| 930/936 [06:44<00:02,  2.30it/s]
 99%|█████████▉| 931/936 [06:44<00:02,  2.17it/s]
100%|█████████▉| 932/936 [06:44<00:01,  2.34it/s]
100%|█████████▉| 933/936 [06:45<00:01,  2.22it/s]
100%|█████████▉| 934/936 [06:45<00:00,  2.31it/s]
100%|█████████▉| 935/936 [06:46<00:00,  2.33it/s]
100%|██████████| 936/936 [06:46<00:00,  2.56it/s]
100%|██████████| 936/936 [06:46<00:00,  2.30it/s]
Loss: 605.3920
Shape of y_trues: (7487, 9)
Shape of y_scores: (7487, 9)
F1s: [0.42921647 0.91386861 0.72655367 0.70454545 0.8076484  0.38736591
 0.73759791 0.2201355  0.07358806]
Avg F1: 0.5556
AUCs: [0.8567075  0.9838515  0.94863223 0.87614718 0.90999938 0.77183223
 0.94607685 0.76238222 0.59345317]
Avg AUC: 0.8499

